11:24:53  🚀 Jumia Maroc Scraper — v2 (UML model)
11:24:53     Objectif : 50 produits uniques
11:24:53     Fichier  : C:\Users\DELL\Desktop\scraping\jumia_data.json
11:24:53     Log      : C:\Users\DELL\Desktop\scraping\jumia_scraper.log
11:24:53     Phase 1  : 50 termes × 20 pages ≈ 40,000 cibles
11:24:53     Phase 2  : 15 catégories × 10 pages ≈ 6,000 bonus

11:24:54  
============================================================
11:24:54  PHASE 1 — 50 termes × 20 pages
11:24:54  ============================================================
11:24:54    [P1 1/1000] 📄 https://www.jumia.ma/catalog/?q=smartphone&page=1#catalog-listing
11:25:01      → 40 cards  +40 new  | total: 40/50  ETA: 0:00:02
11:25:01    [P1 2/1000] 📄 https://www.jumia.ma/catalog/?q=smartphone&page=2#catalog-listing
11:25:06      → 40 cards  +40 new  | total: 80/50  ETA: -1 day, 23:59:55
11:25:07  
🎉 Terminé ! 80 produits → C:\Users\DELL\Desktop\scraping\jumia_data.json
11:25:07  
📊 Statistiques :
11:25:07     % réduction : 42
11:25:07     Forfait     : 0
11:25:07     Sans offre  : 38
11:25:07  
📦 Exemple :
11:25:07  [
  {
    "titre": "Samsung smartphone Galaxy A56 5G stockage 256GB Ram 8 GB 6,7 Super AMOLED 120 Hz 50+12+5 MP-awesome lightgray",
    "prixInitial": 4999.0,
    "prixBase": 3996.0,
    "prixOffre": 3996.0,
    "categorie": "Téléphones & Tablettes",
    "location": "Maroc",
    "statut": "actif",
    "monnaie": "MAD",
    "offre": [
      {
        "typeOffre": "pourcentage",
        "valeurOffre": 20.0,
        "monnaie": "MAD",
        "dateCreation": "2026-03-29",
        "statut": "active"
      }
    ],
    "seller": "",
    "rating": "",
    "link": "https://www.jumia.ma/samsung-smartphone-galaxy-a56-5g-stockage-256gb-ram-8-gb-67-super-amoled-120-hz-50125-mp-awesome-lightgray-67203883.html",
    "date": "2026-03-29"
  },
  {
    "titre": "Sanza Plus – Smartphone 4G – Écran 5” – Double SIM – 16GB – Noir",
    "prixInitial": 699.0,
    "prixBase": 489.0,
    "prixOffre": 489.0,
    "categorie": "Téléphones & Tablettes",
    "location": "Maroc",
    "statut": "actif",
    "monnaie": "MAD",
    "offre": [
      {
        "typeOffre": "pourcentage",
        "valeurOffre": 30.0,
        "monnaie": "MAD",
        "dateCreation": "2026-03-29",
        "statut": "active"
      }
    ],
    "seller": "",
    "rating": "",
    "link": "https://www.jumia.ma/sanza-plus-smartphone-4g-ecran-5-double-sim-16gb-noir-67617873.html",
    "date": "2026-03-29"
  }
]
11:25:43  🚀 Jumia Maroc Scraper — v2 (UML model)
11:25:43     Objectif : 10,000 produits uniques
11:25:43     Fichier  : C:\Users\DELL\Desktop\scraping\jumia_data.json
11:25:43     Log      : C:\Users\DELL\Desktop\scraping\jumia_scraper.log
11:25:43     Phase 1  : 50 termes × 20 pages ≈ 40,000 cibles
11:25:43     Phase 2  : 15 catégories × 10 pages ≈ 6,000 bonus

11:25:43  ♻️  Resuming — loaded 80 products, 80 known links
11:25:43  
============================================================
11:25:43  PHASE 1 — 50 termes × 20 pages
11:25:43  ============================================================
11:25:43    [P1 1/1000] 📄 https://www.jumia.ma/catalog/?q=smartphone&page=1#catalog-listing
11:25:50      → 40 cards  +0 new  | total: 80/10,000  ETA: —
11:25:50    [P1 2/1000] 📄 https://www.jumia.ma/catalog/?q=smartphone&page=2#catalog-listing
11:25:58      → 40 cards  +0 new  | total: 80/10,000  ETA: —
11:25:58    [P1 3/1000] 📄 https://www.jumia.ma/catalog/?q=smartphone&page=3#catalog-listing
11:26:04      → 40 cards  +39 new  | total: 119/10,000  ETA: 1:31:09
11:26:04    [P1 4/1000] 📄 https://www.jumia.ma/catalog/?q=smartphone&page=4#catalog-listing
11:26:11      → 40 cards  +36 new  | total: 155/10,000  ETA: 1:02:13
11:26:11    [P1 5/1000] 📄 https://www.jumia.ma/catalog/?q=smartphone&page=5#catalog-listing
11:26:18      → 40 cards  +37 new  | total: 192/10,000  ETA: 0:51:47
11:26:18    [P1 6/1000] 📄 https://www.jumia.ma/catalog/?q=smartphone&page=6#catalog-listing
11:26:26      → 40 cards  +38 new  | total: 230/10,000  ETA: 0:46:29
11:26:26    [P1 7/1000] 📄 https://www.jumia.ma/catalog/?q=smartphone&page=7#catalog-listing
11:26:33      → 40 cards  +33 new  | total: 263/10,000  ETA: 0:44:20
11:26:33    [P1 8/1000] 📄 https://www.jumia.ma/catalog/?q=smartphone&page=8#catalog-listing
11:26:40      → 40 cards  +35 new  | total: 298/10,000  ETA: 0:42:12
11:26:40    [P1 9/1000] 📄 https://www.jumia.ma/catalog/?q=smartphone&page=9#catalog-listing
11:26:46      → 40 cards  +34 new  | total: 332/10,000  ETA: 0:40:20
11:26:46    [P1 10/1000] 📄 https://www.jumia.ma/catalog/?q=smartphone&page=10#catalog-listing
11:26:53      → 40 cards  +34 new  | total: 366/10,000  ETA: 0:39:35
11:26:53    [P1 11/1000] 📄 https://www.jumia.ma/catalog/?q=smartphone&page=11#catalog-listing
11:26:58      → 40 cards  +34 new  | total: 400/10,000  ETA: 0:37:47
11:26:58    [P1 12/1000] 📄 https://www.jumia.ma/catalog/?q=smartphone&page=12#catalog-listing
11:27:04      → 40 cards  +35 new  | total: 435/10,000  ETA: 0:36:20
11:27:04    [P1 13/1000] 📄 https://www.jumia.ma/catalog/?q=smartphone&page=13#catalog-listing
11:27:09      → 40 cards  +35 new  | total: 470/10,000  ETA: 0:35:08
11:27:09    [P1 14/1000] 📄 https://www.jumia.ma/catalog/?q=smartphone&page=14#catalog-listing
11:27:14      → 40 cards  +33 new  | total: 503/10,000  ETA: 0:34:07
11:27:14    [P1 15/1000] 📄 https://www.jumia.ma/catalog/?q=smartphone&page=15#catalog-listing
11:27:20      → 40 cards  +30 new  | total: 533/10,000  ETA: 0:33:46
11:27:20    [P1 16/1000] 📄 https://www.jumia.ma/catalog/?q=smartphone&page=16#catalog-listing
11:27:25      → 40 cards  +38 new  | total: 571/10,000  ETA: 0:32:49
11:27:25    [P1 17/1000] 📄 https://www.jumia.ma/catalog/?q=smartphone&page=17#catalog-listing
11:27:32      → 40 cards  +40 new  | total: 611/10,000  ETA: 0:32:06
11:27:32    [P1 18/1000] 📄 https://www.jumia.ma/catalog/?q=smartphone&page=18#catalog-listing
11:27:38      → 40 cards  +40 new  | total: 651/10,000  ETA: 0:31:24
11:27:38    [P1 19/1000] 📄 https://www.jumia.ma/catalog/?q=smartphone&page=19#catalog-listing
11:27:43      → 40 cards  +40 new  | total: 691/10,000  ETA: 0:30:34
11:27:43    [P1 20/1000] 📄 https://www.jumia.ma/catalog/?q=smartphone&page=20#catalog-listing
11:27:48      → 40 cards  +40 new  | total: 731/10,000  ETA: 0:29:48
11:27:48    [P1 21/1000] 📄 https://www.jumia.ma/catalog/?q=tablette&page=1#catalog-listing
11:27:56      → 40 cards  +38 new  | total: 769/10,000  ETA: 0:29:38
11:27:56    [P1 22/1000] 📄 https://www.jumia.ma/catalog/?q=tablette&page=2#catalog-listing
11:28:02      → 40 cards  +37 new  | total: 806/10,000  ETA: 0:29:22
11:28:02    [P1 23/1000] 📄 https://www.jumia.ma/catalog/?q=tablette&page=3#catalog-listing
11:28:10      → 40 cards  +36 new  | total: 842/10,000  ETA: 0:29:26
11:28:10    [P1 24/1000] 📄 https://www.jumia.ma/catalog/?q=tablette&page=4#catalog-listing
11:28:14      → 40 cards  +38 new  | total: 880/10,000  ETA: 0:28:48
11:28:14    [P1 25/1000] 📄 https://www.jumia.ma/catalog/?q=tablette&page=5#catalog-listing
11:28:20      → 40 cards  +35 new  | total: 915/10,000  ETA: 0:28:31
11:28:20    [P1 26/1000] 📄 https://www.jumia.ma/catalog/?q=tablette&page=6#catalog-listing
11:28:27      → 40 cards  +33 new  | total: 948/10,000  ETA: 0:28:29
11:28:27    [P1 27/1000] 📄 https://www.jumia.ma/catalog/?q=tablette&page=7#catalog-listing
11:28:34      → 40 cards  +32 new  | total: 980/10,000  ETA: 0:28:38
11:28:34    [P1 28/1000] 📄 https://www.jumia.ma/catalog/?q=tablette&page=8#catalog-listing
11:28:41      → 40 cards  +34 new  | total: 1,014/10,000  ETA: 0:28:31
11:28:41    [P1 29/1000] 📄 https://www.jumia.ma/catalog/?q=tablette&page=9#catalog-listing
11:28:48      → 40 cards  +33 new  | total: 1,047/10,000  ETA: 0:28:35
11:28:48    [P1 30/1000] 📄 https://www.jumia.ma/catalog/?q=tablette&page=10#catalog-listing
11:28:55      → 40 cards  +30 new  | total: 1,077/10,000  ETA: 0:28:41
11:28:55    [P1 31/1000] 📄 https://www.jumia.ma/catalog/?q=tablette&page=11#catalog-listing
11:29:03      → 40 cards  +31 new  | total: 1,108/10,000  ETA: 0:28:47
11:29:03    [P1 32/1000] 📄 https://www.jumia.ma/catalog/?q=tablette&page=12#catalog-listing
11:29:08      → 40 cards  +34 new  | total: 1,142/10,000  ETA: 0:28:30
11:29:08    [P1 33/1000] 📄 https://www.jumia.ma/catalog/?q=tablette&page=13#catalog-listing
11:29:15      → 40 cards  +34 new  | total: 1,176/10,000  ETA: 0:28:29
11:29:15    [P1 34/1000] 📄 https://www.jumia.ma/catalog/?q=tablette&page=14#catalog-listing
11:29:21      → 40 cards  +33 new  | total: 1,209/10,000  ETA: 0:28:15
11:29:21    [P1 35/1000] 📄 https://www.jumia.ma/catalog/?q=tablette&page=15#catalog-listing
11:29:27      → 40 cards  +32 new  | total: 1,241/10,000  ETA: 0:28:08
11:29:27    [P1 36/1000] 📄 https://www.jumia.ma/catalog/?q=tablette&page=16#catalog-listing
11:29:34      → 40 cards  +36 new  | total: 1,277/10,000  ETA: 0:28:04
11:29:34    [P1 37/1000] 📄 https://www.jumia.ma/catalog/?q=tablette&page=17#catalog-listing
11:29:41      → 40 cards  +36 new  | total: 1,313/10,000  ETA: 0:27:56
11:29:41    [P1 38/1000] 📄 https://www.jumia.ma/catalog/?q=tablette&page=18#catalog-listing
11:29:47      → 40 cards  +35 new  | total: 1,348/10,000  ETA: 0:27:47
11:29:47    [P1 39/1000] 📄 https://www.jumia.ma/catalog/?q=tablette&page=19#catalog-listing
11:29:52      → 40 cards  +35 new  | total: 1,383/10,000  ETA: 0:27:27
11:29:52    [P1 40/1000] 📄 https://www.jumia.ma/catalog/?q=tablette&page=20#catalog-listing
11:29:57      → 40 cards  +33 new  | total: 1,416/10,000  ETA: 0:27:15
11:29:57    [P1 41/1000] 📄 https://www.jumia.ma/catalog/?q=samsung&page=1#catalog-listing
11:30:03      → 40 cards  +35 new  | total: 1,451/10,000  ETA: 0:26:59
11:30:03    [P1 42/1000] 📄 https://www.jumia.ma/catalog/?q=samsung&page=2#catalog-listing
11:30:08      → 40 cards  +37 new  | total: 1,488/10,000  ETA: 0:26:40
11:30:08    [P1 43/1000] 📄 https://www.jumia.ma/catalog/?q=samsung&page=3#catalog-listing
11:30:13      → 40 cards  +31 new  | total: 1,519/10,000  ETA: 0:26:31
11:30:13    [P1 44/1000] 📄 https://www.jumia.ma/catalog/?q=samsung&page=4#catalog-listing
11:30:18      → 40 cards  +39 new  | total: 1,558/10,000  ETA: 0:26:12
11:30:18    [P1 45/1000] 📄 https://www.jumia.ma/catalog/?q=samsung&page=5#catalog-listing
11:30:23      → 40 cards  +36 new  | total: 1,594/10,000  ETA: 0:25:56
11:30:23    [P1 46/1000] 📄 https://www.jumia.ma/catalog/?q=samsung&page=6#catalog-listing
11:30:30      → 40 cards  +37 new  | total: 1,631/10,000  ETA: 0:25:49
11:30:30    [P1 47/1000] 📄 https://www.jumia.ma/catalog/?q=samsung&page=7#catalog-listing
11:30:38      → 40 cards  +38 new  | total: 1,669/10,000  ETA: 0:25:46
11:30:38    [P1 48/1000] 📄 https://www.jumia.ma/catalog/?q=samsung&page=8#catalog-listing
11:30:43      → 40 cards  +38 new  | total: 1,707/10,000  ETA: 0:25:32
11:30:43    [P1 49/1000] 📄 https://www.jumia.ma/catalog/?q=samsung&page=9#catalog-listing
11:30:50      → 40 cards  +35 new  | total: 1,742/10,000  ETA: 0:25:26
11:30:50    [P1 50/1000] 📄 https://www.jumia.ma/catalog/?q=samsung&page=10#catalog-listing
11:30:58      → 40 cards  +36 new  | total: 1,778/10,000  ETA: 0:25:26
11:30:58    [P1 51/1000] 📄 https://www.jumia.ma/catalog/?q=samsung&page=11#catalog-listing
11:31:05      → 40 cards  +37 new  | total: 1,815/10,000  ETA: 0:25:19
11:31:05    [P1 52/1000] 📄 https://www.jumia.ma/catalog/?q=samsung&page=12#catalog-listing
11:31:11      → 40 cards  +35 new  | total: 1,850/10,000  ETA: 0:25:11
11:31:11    [P1 53/1000] 📄 https://www.jumia.ma/catalog/?q=samsung&page=13#catalog-listing
11:31:17      → 40 cards  +34 new  | total: 1,884/10,000  ETA: 0:25:04
11:31:17    [P1 54/1000] 📄 https://www.jumia.ma/catalog/?q=samsung&page=14#catalog-listing
11:31:22      → 40 cards  +37 new  | total: 1,921/10,000  ETA: 0:24:50
11:31:23    [P1 55/1000] 📄 https://www.jumia.ma/catalog/?q=samsung&page=15#catalog-listing
11:31:29      → 40 cards  +38 new  | total: 1,959/10,000  ETA: 0:24:42
11:31:29    [P1 56/1000] 📄 https://www.jumia.ma/catalog/?q=samsung&page=16#catalog-listing
11:31:35      → 40 cards  +38 new  | total: 1,997/10,000  ETA: 0:24:28
11:31:35    [P1 57/1000] 📄 https://www.jumia.ma/catalog/?q=samsung&page=17#catalog-listing
11:31:41      → 40 cards  +39 new  | total: 2,036/10,000  ETA: 0:24:16
11:31:41    [P1 58/1000] 📄 https://www.jumia.ma/catalog/?q=samsung&page=18#catalog-listing
11:31:47      → 40 cards  +36 new  | total: 2,072/10,000  ETA: 0:24:08
11:31:47    [P1 59/1000] 📄 https://www.jumia.ma/catalog/?q=samsung&page=19#catalog-listing
11:31:51      → 40 cards  +40 new  | total: 2,112/10,000  ETA: 0:23:48
11:31:51    [P1 60/1000] 📄 https://www.jumia.ma/catalog/?q=samsung&page=20#catalog-listing
11:31:57      → 40 cards  +38 new  | total: 2,150/10,000  ETA: 0:23:37
11:31:57    [P1 61/1000] 📄 https://www.jumia.ma/catalog/?q=iphone&page=1#catalog-listing
11:32:01      → 40 cards  +35 new  | total: 2,185/10,000  ETA: 0:23:25
11:32:01    [P1 62/1000] 📄 https://www.jumia.ma/catalog/?q=iphone&page=2#catalog-listing
11:32:08      → 40 cards  +33 new  | total: 2,218/10,000  ETA: 0:23:20
11:32:08    [P1 63/1000] 📄 https://www.jumia.ma/catalog/?q=iphone&page=3#catalog-listing
11:32:15      → 40 cards  +35 new  | total: 2,253/10,000  ETA: 0:23:18
11:32:15    [P1 64/1000] 📄 https://www.jumia.ma/catalog/?q=iphone&page=4#catalog-listing
11:32:21      → 40 cards  +29 new  | total: 2,282/10,000  ETA: 0:23:15
11:32:21    [P1 65/1000] 📄 https://www.jumia.ma/catalog/?q=iphone&page=5#catalog-listing
11:32:27      → 40 cards  +35 new  | total: 2,317/10,000  ETA: 0:23:09
11:32:27    [P1 66/1000] 📄 https://www.jumia.ma/catalog/?q=iphone&page=6#catalog-listing
11:32:32      → 40 cards  +27 new  | total: 2,344/10,000  ETA: 0:23:04
11:32:32    [P1 67/1000] 📄 https://www.jumia.ma/catalog/?q=iphone&page=7#catalog-listing
11:32:39      → 40 cards  +27 new  | total: 2,371/10,000  ETA: 0:23:06
11:32:39    [P1 68/1000] 📄 https://www.jumia.ma/catalog/?q=iphone&page=8#catalog-listing
11:32:45      → 40 cards  +27 new  | total: 2,398/10,000  ETA: 0:23:05
11:32:45    [P1 69/1000] 📄 https://www.jumia.ma/catalog/?q=iphone&page=9#catalog-listing
11:32:51      → 40 cards  +34 new  | total: 2,432/10,000  ETA: 0:22:57
11:32:51    [P1 70/1000] 📄 https://www.jumia.ma/catalog/?q=iphone&page=10#catalog-listing
11:32:58      → 40 cards  +32 new  | total: 2,464/10,000  ETA: 0:22:54
11:32:58    [P1 71/1000] 📄 https://www.jumia.ma/catalog/?q=iphone&page=11#catalog-listing
11:33:04      → 40 cards  +32 new  | total: 2,496/10,000  ETA: 0:22:50
11:33:04    [P1 72/1000] 📄 https://www.jumia.ma/catalog/?q=iphone&page=12#catalog-listing
11:33:10      → 40 cards  +34 new  | total: 2,530/10,000  ETA: 0:22:44
11:33:10    [P1 73/1000] 📄 https://www.jumia.ma/catalog/?q=iphone&page=13#catalog-listing
11:33:15      → 40 cards  +29 new  | total: 2,559/10,000  ETA: 0:22:37
11:33:15    [P1 74/1000] 📄 https://www.jumia.ma/catalog/?q=iphone&page=14#catalog-listing
11:33:22      → 40 cards  +34 new  | total: 2,593/10,000  ETA: 0:22:34
11:33:22    [P1 75/1000] 📄 https://www.jumia.ma/catalog/?q=iphone&page=15#catalog-listing
11:33:29      → 40 cards  +38 new  | total: 2,631/10,000  ETA: 0:22:27
11:33:29    [P1 76/1000] 📄 https://www.jumia.ma/catalog/?q=iphone&page=16#catalog-listing
11:33:34      → 40 cards  +38 new  | total: 2,669/10,000  ETA: 0:22:14
11:33:34    [P1 77/1000] 📄 https://www.jumia.ma/catalog/?q=iphone&page=17#catalog-listing
11:33:39      → 40 cards  +37 new  | total: 2,706/10,000  ETA: 0:22:01
11:33:39    [P1 78/1000] 📄 https://www.jumia.ma/catalog/?q=iphone&page=18#catalog-listing
11:33:45      → 40 cards  +36 new  | total: 2,742/10,000  ETA: 0:21:55
11:33:45    [P1 79/1000] 📄 https://www.jumia.ma/catalog/?q=iphone&page=19#catalog-listing
11:33:52      → 40 cards  +39 new  | total: 2,781/10,000  ETA: 0:21:46
11:33:52    [P1 80/1000] 📄 https://www.jumia.ma/catalog/?q=iphone&page=20#catalog-listing
11:33:58      → 40 cards  +34 new  | total: 2,815/10,000  ETA: 0:21:41
11:33:58    [P1 81/1000] 📄 https://www.jumia.ma/catalog/?q=huawei&page=1#catalog-listing
11:34:03      → 40 cards  +32 new  | total: 2,847/10,000  ETA: 0:21:32
11:34:03    [P1 82/1000] 📄 https://www.jumia.ma/catalog/?q=huawei&page=2#catalog-listing
11:34:10      → 40 cards  +22 new  | total: 2,869/10,000  ETA: 0:21:37
11:34:10    [P1 83/1000] 📄 https://www.jumia.ma/catalog/?q=huawei&page=3#catalog-listing
11:34:17      → 40 cards  +31 new  | total: 2,900/10,000  ETA: 0:21:33
11:34:17    [P1 84/1000] 📄 https://www.jumia.ma/catalog/?q=huawei&page=4#catalog-listing
11:34:23      → 40 cards  +34 new  | total: 2,934/10,000  ETA: 0:21:28
11:34:23    [P1 85/1000] 📄 https://www.jumia.ma/catalog/?q=huawei&page=5#catalog-listing
11:34:28      → 40 cards  +36 new  | total: 2,970/10,000  ETA: 0:21:17
11:34:28    [P1 86/1000] 📄 https://www.jumia.ma/catalog/?q=huawei&page=6#catalog-listing
11:34:35      → 40 cards  +38 new  | total: 3,008/10,000  ETA: 0:21:10
11:34:35    [P1 87/1000] 📄 https://www.jumia.ma/catalog/?q=huawei&page=7#catalog-listing
11:34:39      → 40 cards  +38 new  | total: 3,046/10,000  ETA: 0:20:57
11:34:39    [P1 88/1000] 📄 https://www.jumia.ma/catalog/?q=huawei&page=8#catalog-listing
11:34:47      → 40 cards  +38 new  | total: 3,084/10,000  ETA: 0:20:52
11:34:47    [P1 89/1000] 📄 https://www.jumia.ma/catalog/?q=huawei&page=9#catalog-listing
11:34:54      → 40 cards  +38 new  | total: 3,122/10,000  ETA: 0:20:46
11:34:54    [P1 90/1000] 📄 https://www.jumia.ma/catalog/?q=huawei&page=10#catalog-listing
11:34:59      → 40 cards  +39 new  | total: 3,161/10,000  ETA: 0:20:34
11:34:59    [P1 91/1000] 📄 https://www.jumia.ma/catalog/?q=huawei&page=11#catalog-listing
11:35:06      → 40 cards  +39 new  | total: 3,200/10,000  ETA: 0:20:27
11:35:06    [P1 92/1000] 📄 https://www.jumia.ma/catalog/?q=huawei&page=12#catalog-listing
11:35:13      → 40 cards  +40 new  | total: 3,240/10,000  ETA: 0:20:19
11:35:13    [P1 93/1000] 📄 https://www.jumia.ma/catalog/?q=huawei&page=13#catalog-listing
11:35:18      → 40 cards  +40 new  | total: 3,280/10,000  ETA: 0:20:08
11:35:18    [P1 94/1000] 📄 https://www.jumia.ma/catalog/?q=huawei&page=14#catalog-listing
11:35:26      → 40 cards  +39 new  | total: 3,319/10,000  ETA: 0:20:02
11:35:26    [P1 95/1000] 📄 https://www.jumia.ma/catalog/?q=huawei&page=15#catalog-listing
11:35:31      → 40 cards  +40 new  | total: 3,359/10,000  ETA: 0:19:52
11:35:31    [P1 96/1000] 📄 https://www.jumia.ma/catalog/?q=huawei&page=16#catalog-listing
11:35:38      → 40 cards  +40 new  | total: 3,399/10,000  ETA: 0:19:43
11:35:38    [P1 97/1000] 📄 https://www.jumia.ma/catalog/?q=huawei&page=17#catalog-listing
11:35:44      → 40 cards  +40 new  | total: 3,439/10,000  ETA: 0:19:33
11:35:44    [P1 98/1000] 📄 https://www.jumia.ma/catalog/?q=huawei&page=18#catalog-listing
11:35:50      → 40 cards  +40 new  | total: 3,479/10,000  ETA: 0:19:24
11:35:50    [P1 99/1000] 📄 https://www.jumia.ma/catalog/?q=huawei&page=19#catalog-listing
11:35:55      → 40 cards  +40 new  | total: 3,519/10,000  ETA: 0:19:12
11:35:55    [P1 100/1000] 📄 https://www.jumia.ma/catalog/?q=huawei&page=20#catalog-listing
11:36:00      → 40 cards  +40 new  | total: 3,559/10,000  ETA: 0:19:03
11:36:00    [P1 101/1000] 📄 https://www.jumia.ma/catalog/?q=xiaomi&page=1#catalog-listing
11:36:06      → 40 cards  +34 new  | total: 3,593/10,000  ETA: 0:18:56
11:36:06    [P1 102/1000] 📄 https://www.jumia.ma/catalog/?q=xiaomi&page=2#catalog-listing
11:36:12      → 40 cards  +34 new  | total: 3,627/10,000  ETA: 0:18:50
11:36:12    [P1 103/1000] 📄 https://www.jumia.ma/catalog/?q=xiaomi&page=3#catalog-listing
11:36:19      → 40 cards  +31 new  | total: 3,658/10,000  ETA: 0:18:47
11:36:19    [P1 104/1000] 📄 https://www.jumia.ma/catalog/?q=xiaomi&page=4#catalog-listing
11:36:25      → 40 cards  +32 new  | total: 3,690/10,000  ETA: 0:18:42
11:36:25    [P1 105/1000] 📄 https://www.jumia.ma/catalog/?q=xiaomi&page=5#catalog-listing
11:36:31      → 40 cards  +29 new  | total: 3,719/10,000  ETA: 0:18:38
11:36:31    [P1 106/1000] 📄 https://www.jumia.ma/catalog/?q=xiaomi&page=6#catalog-listing
11:36:38      → 40 cards  +31 new  | total: 3,750/10,000  ETA: 0:18:35
11:36:38    [P1 107/1000] 📄 https://www.jumia.ma/catalog/?q=xiaomi&page=7#catalog-listing
11:36:44      → 40 cards  +33 new  | total: 3,783/10,000  ETA: 0:18:30
11:36:44    [P1 108/1000] 📄 https://www.jumia.ma/catalog/?q=xiaomi&page=8#catalog-listing
11:36:50      → 40 cards  +35 new  | total: 3,818/10,000  ETA: 0:18:24
11:36:50    [P1 109/1000] 📄 https://www.jumia.ma/catalog/?q=xiaomi&page=9#catalog-listing
11:36:55      → 40 cards  +34 new  | total: 3,852/10,000  ETA: 0:18:14
11:36:55    [P1 110/1000] 📄 https://www.jumia.ma/catalog/?q=xiaomi&page=10#catalog-listing
11:37:01      → 40 cards  +36 new  | total: 3,888/10,000  ETA: 0:18:07
11:37:01    [P1 111/1000] 📄 https://www.jumia.ma/catalog/?q=xiaomi&page=11#catalog-listing
11:37:07      → 40 cards  +37 new  | total: 3,925/10,000  ETA: 0:18:01
11:37:07    [P1 112/1000] 📄 https://www.jumia.ma/catalog/?q=xiaomi&page=12#catalog-listing
11:37:14      → 40 cards  +36 new  | total: 3,961/10,000  ETA: 0:17:55
11:37:14    [P1 113/1000] 📄 https://www.jumia.ma/catalog/?q=xiaomi&page=13#catalog-listing
11:37:21      → 40 cards  +38 new  | total: 3,999/10,000  ETA: 0:17:48
11:37:21    [P1 114/1000] 📄 https://www.jumia.ma/catalog/?q=xiaomi&page=14#catalog-listing
11:37:28      → 40 cards  +37 new  | total: 4,036/10,000  ETA: 0:17:43
11:37:28    [P1 115/1000] 📄 https://www.jumia.ma/catalog/?q=xiaomi&page=15#catalog-listing
11:37:34      → 40 cards  +39 new  | total: 4,075/10,000  ETA: 0:17:34
11:37:34    [P1 116/1000] 📄 https://www.jumia.ma/catalog/?q=xiaomi&page=16#catalog-listing
11:37:39      → 40 cards  +37 new  | total: 4,112/10,000  ETA: 0:17:25
11:37:39    [P1 117/1000] 📄 https://www.jumia.ma/catalog/?q=xiaomi&page=17#catalog-listing
11:37:44      → 40 cards  +36 new  | total: 4,148/10,000  ETA: 0:17:17
11:37:44    [P1 118/1000] 📄 https://www.jumia.ma/catalog/?q=xiaomi&page=18#catalog-listing
11:37:51      → 40 cards  +39 new  | total: 4,187/10,000  ETA: 0:17:10
11:37:51    [P1 119/1000] 📄 https://www.jumia.ma/catalog/?q=xiaomi&page=19#catalog-listing
11:37:57      → 40 cards  +40 new  | total: 4,227/10,000  ETA: 0:17:01
11:37:57    [P1 120/1000] 📄 https://www.jumia.ma/catalog/?q=xiaomi&page=20#catalog-listing
11:38:03      → 40 cards  +36 new  | total: 4,263/10,000  ETA: 0:16:55
11:38:03    [P1 121/1000] 📄 s://www.jumia.ma/catalog/?q=ecouteurs+bluetooth&page=1#catalog-listing
11:38:09      → 40 cards  +39 new  | total: 4,302/10,000  ETA: 0:16:46
11:38:09    [P1 122/1000] 📄 s://www.jumia.ma/catalog/?q=ecouteurs+bluetooth&page=2#catalog-listing
11:38:15      → 40 cards  +40 new  | total: 4,342/10,000  ETA: 0:16:38
11:38:15    [P1 123/1000] 📄 s://www.jumia.ma/catalog/?q=ecouteurs+bluetooth&page=3#catalog-listing
11:38:20      → 40 cards  +39 new  | total: 4,381/10,000  ETA: 0:16:29
11:38:20    [P1 124/1000] 📄 s://www.jumia.ma/catalog/?q=ecouteurs+bluetooth&page=4#catalog-listing
11:38:26      → 40 cards  +38 new  | total: 4,419/10,000  ETA: 0:16:21
11:38:26    [P1 125/1000] 📄 s://www.jumia.ma/catalog/?q=ecouteurs+bluetooth&page=5#catalog-listing
11:38:32      → 40 cards  +39 new  | total: 4,458/10,000  ETA: 0:16:13
11:38:32    [P1 126/1000] 📄 s://www.jumia.ma/catalog/?q=ecouteurs+bluetooth&page=6#catalog-listing
11:38:39      → 40 cards  +37 new  | total: 4,495/10,000  ETA: 0:16:07
11:38:39    [P1 127/1000] 📄 s://www.jumia.ma/catalog/?q=ecouteurs+bluetooth&page=7#catalog-listing
11:38:45      → 40 cards  +35 new  | total: 4,530/10,000  ETA: 0:16:01
11:38:45    [P1 128/1000] 📄 s://www.jumia.ma/catalog/?q=ecouteurs+bluetooth&page=8#catalog-listing
11:38:51      → 40 cards  +40 new  | total: 4,570/10,000  ETA: 0:15:52
11:38:51    [P1 129/1000] 📄 s://www.jumia.ma/catalog/?q=ecouteurs+bluetooth&page=9#catalog-listing
11:38:58      → 40 cards  +39 new  | total: 4,609/10,000  ETA: 0:15:46
11:38:58    [P1 130/1000] 📄 ://www.jumia.ma/catalog/?q=ecouteurs+bluetooth&page=10#catalog-listing
11:39:05      → 40 cards  +40 new  | total: 4,649/10,000  ETA: 0:15:39
11:39:05    [P1 131/1000] 📄 ://www.jumia.ma/catalog/?q=ecouteurs+bluetooth&page=11#catalog-listing
11:39:10      → 40 cards  +39 new  | total: 4,688/10,000  ETA: 0:15:30
11:39:10    [P1 132/1000] 📄 ://www.jumia.ma/catalog/?q=ecouteurs+bluetooth&page=12#catalog-listing
11:39:16      → 40 cards  +40 new  | total: 4,728/10,000  ETA: 0:15:21
11:39:16    [P1 133/1000] 📄 ://www.jumia.ma/catalog/?q=ecouteurs+bluetooth&page=13#catalog-listing
11:39:20      → 40 cards  +37 new  | total: 4,765/10,000  ETA: 0:15:12
11:39:20    [P1 134/1000] 📄 ://www.jumia.ma/catalog/?q=ecouteurs+bluetooth&page=14#catalog-listing
11:39:27      → 40 cards  +40 new  | total: 4,805/10,000  ETA: 0:15:06
11:39:27    [P1 135/1000] 📄 ://www.jumia.ma/catalog/?q=ecouteurs+bluetooth&page=15#catalog-listing
11:39:32      → 40 cards  +40 new  | total: 4,845/10,000  ETA: 0:14:57
11:39:32    [P1 136/1000] 📄 ://www.jumia.ma/catalog/?q=ecouteurs+bluetooth&page=16#catalog-listing
11:39:39      → 40 cards  +40 new  | total: 4,885/10,000  ETA: 0:14:50
11:39:39    [P1 137/1000] 📄 ://www.jumia.ma/catalog/?q=ecouteurs+bluetooth&page=17#catalog-listing
11:39:45      → 40 cards  +40 new  | total: 4,925/10,000  ETA: 0:14:42
11:39:45    [P1 138/1000] 📄 ://www.jumia.ma/catalog/?q=ecouteurs+bluetooth&page=18#catalog-listing
11:39:52      → 40 cards  +40 new  | total: 4,965/10,000  ETA: 0:14:34
11:39:52    [P1 139/1000] 📄 ://www.jumia.ma/catalog/?q=ecouteurs+bluetooth&page=19#catalog-listing
11:39:58      → 40 cards  +40 new  | total: 5,005/10,000  ETA: 0:14:26
11:39:58    [P1 140/1000] 📄 ://www.jumia.ma/catalog/?q=ecouteurs+bluetooth&page=20#catalog-listing
11:40:04      → 40 cards  +40 new  | total: 5,045/10,000  ETA: 0:14:19
11:40:04    [P1 141/1000] 📄 https://www.jumia.ma/catalog/?q=laptop&page=1#catalog-listing
11:40:11      → 40 cards  +38 new  | total: 5,083/10,000  ETA: 0:14:13
11:40:11    [P1 142/1000] 📄 https://www.jumia.ma/catalog/?q=laptop&page=2#catalog-listing
11:40:16      → 40 cards  +29 new  | total: 5,112/10,000  ETA: 0:14:08
11:40:16    [P1 143/1000] 📄 https://www.jumia.ma/catalog/?q=laptop&page=3#catalog-listing
11:40:23      → 40 cards  +21 new  | total: 5,133/10,000  ETA: 0:14:07
11:40:23    [P1 144/1000] 📄 https://www.jumia.ma/catalog/?q=laptop&page=4#catalog-listing
11:40:29      → 40 cards  +25 new  | total: 5,158/10,000  ETA: 0:14:05
11:40:29    [P1 145/1000] 📄 https://www.jumia.ma/catalog/?q=laptop&page=5#catalog-listing
11:40:36      → 40 cards  +32 new  | total: 5,190/10,000  ETA: 0:14:00
11:40:36    [P1 146/1000] 📄 https://www.jumia.ma/catalog/?q=laptop&page=6#catalog-listing
11:40:42      → 40 cards  +33 new  | total: 5,223/10,000  ETA: 0:13:55
11:40:42    [P1 147/1000] 📄 https://www.jumia.ma/catalog/?q=laptop&page=7#catalog-listing
11:40:47      → 40 cards  +40 new  | total: 5,263/10,000  ETA: 0:13:46
11:40:47    [P1 148/1000] 📄 https://www.jumia.ma/catalog/?q=laptop&page=8#catalog-listing
11:40:53      → 40 cards  +40 new  | total: 5,303/10,000  ETA: 0:13:38
11:40:53    [P1 149/1000] 📄 https://www.jumia.ma/catalog/?q=laptop&page=9#catalog-listing
11:40:57      → 40 cards  +39 new  | total: 5,342/10,000  ETA: 0:13:29
11:40:57    [P1 150/1000] 📄 https://www.jumia.ma/catalog/?q=laptop&page=10#catalog-listing
11:41:02      → 40 cards  +39 new  | total: 5,381/10,000  ETA: 0:13:20
11:41:02    [P1 151/1000] 📄 https://www.jumia.ma/catalog/?q=laptop&page=11#catalog-listing
11:41:07      → 40 cards  +40 new  | total: 5,421/10,000  ETA: 0:13:12
11:41:07    [P1 152/1000] 📄 https://www.jumia.ma/catalog/?q=laptop&page=12#catalog-listing
11:41:14      → 40 cards  +40 new  | total: 5,461/10,000  ETA: 0:13:05
11:41:14    [P1 153/1000] 📄 https://www.jumia.ma/catalog/?q=laptop&page=13#catalog-listing
11:41:20      → 40 cards  +40 new  | total: 5,501/10,000  ETA: 0:12:57
11:41:20    [P1 154/1000] 📄 https://www.jumia.ma/catalog/?q=laptop&page=14#catalog-listing
11:41:26      → 40 cards  +40 new  | total: 5,541/10,000  ETA: 0:12:50
11:41:26    [P1 155/1000] 📄 https://www.jumia.ma/catalog/?q=laptop&page=15#catalog-listing
11:41:33      → 40 cards  +40 new  | total: 5,581/10,000  ETA: 0:12:43
11:41:33    [P1 156/1000] 📄 https://www.jumia.ma/catalog/?q=laptop&page=16#catalog-listing
11:41:39      → 40 cards  +40 new  | total: 5,621/10,000  ETA: 0:12:35
11:41:39    [P1 157/1000] 📄 https://www.jumia.ma/catalog/?q=laptop&page=17#catalog-listing
11:41:45      → 40 cards  +40 new  | total: 5,661/10,000  ETA: 0:12:28
11:41:45    [P1 158/1000] 📄 https://www.jumia.ma/catalog/?q=laptop&page=18#catalog-listing
11:41:49      → 40 cards  +40 new  | total: 5,701/10,000  ETA: 0:12:19
11:41:49    [P1 159/1000] 📄 https://www.jumia.ma/catalog/?q=laptop&page=19#catalog-listing
11:41:57      → 40 cards  +40 new  | total: 5,741/10,000  ETA: 0:12:12
11:41:57    [P1 160/1000] 📄 https://www.jumia.ma/catalog/?q=laptop&page=20#catalog-listing
11:42:02      → 40 cards  +40 new  | total: 5,781/10,000  ETA: 0:12:04
11:42:02    [P1 161/1000] 📄 s://www.jumia.ma/catalog/?q=ordinateur+portable&page=1#catalog-listing
11:42:08      → 40 cards  +38 new  | total: 5,819/10,000  ETA: 0:11:57
11:42:08    [P1 162/1000] 📄 s://www.jumia.ma/catalog/?q=ordinateur+portable&page=2#catalog-listing
11:42:15      → 40 cards  +40 new  | total: 5,859/10,000  ETA: 0:11:51
11:42:15    [P1 163/1000] 📄 s://www.jumia.ma/catalog/?q=ordinateur+portable&page=3#catalog-listing
11:42:21      → 40 cards  +33 new  | total: 5,892/10,000  ETA: 0:11:45
11:42:21    [P1 164/1000] 📄 s://www.jumia.ma/catalog/?q=ordinateur+portable&page=4#catalog-listing
11:42:25      → 40 cards  +35 new  | total: 5,927/10,000  ETA: 0:11:38
11:42:26    [P1 165/1000] 📄 s://www.jumia.ma/catalog/?q=ordinateur+portable&page=5#catalog-listing
11:42:32      → 40 cards  +35 new  | total: 5,962/10,000  ETA: 0:11:32
11:42:32    [P1 166/1000] 📄 s://www.jumia.ma/catalog/?q=ordinateur+portable&page=6#catalog-listing
11:42:37      → 40 cards  +33 new  | total: 5,995/10,000  ETA: 0:11:26
11:42:37    [P1 167/1000] 📄 s://www.jumia.ma/catalog/?q=ordinateur+portable&page=7#catalog-listing
11:42:44      → 40 cards  +30 new  | total: 6,025/10,000  ETA: 0:11:22
11:42:44    [P1 168/1000] 📄 s://www.jumia.ma/catalog/?q=ordinateur+portable&page=8#catalog-listing
11:42:49      → 40 cards  +28 new  | total: 6,053/10,000  ETA: 0:11:18
11:42:49    [P1 169/1000] 📄 s://www.jumia.ma/catalog/?q=ordinateur+portable&page=9#catalog-listing
11:42:54      → 40 cards  +31 new  | total: 6,084/10,000  ETA: 0:11:12
11:42:54    [P1 170/1000] 📄 ://www.jumia.ma/catalog/?q=ordinateur+portable&page=10#catalog-listing
11:43:00      → 40 cards  +34 new  | total: 6,118/10,000  ETA: 0:11:07
11:43:01    [P1 171/1000] 📄 ://www.jumia.ma/catalog/?q=ordinateur+portable&page=11#catalog-listing
11:43:07      → 40 cards  +33 new  | total: 6,151/10,000  ETA: 0:11:01
11:43:07    [P1 172/1000] 📄 ://www.jumia.ma/catalog/?q=ordinateur+portable&page=12#catalog-listing
11:43:13      → 40 cards  +35 new  | total: 6,186/10,000  ETA: 0:10:56
11:43:13    [P1 173/1000] 📄 ://www.jumia.ma/catalog/?q=ordinateur+portable&page=13#catalog-listing
11:43:19      → 40 cards  +37 new  | total: 6,223/10,000  ETA: 0:10:49
11:43:19    [P1 174/1000] 📄 ://www.jumia.ma/catalog/?q=ordinateur+portable&page=14#catalog-listing
11:43:24      → 40 cards  +34 new  | total: 6,257/10,000  ETA: 0:10:42
11:43:24    [P1 175/1000] 📄 ://www.jumia.ma/catalog/?q=ordinateur+portable&page=15#catalog-listing
11:43:31      → 40 cards  +39 new  | total: 6,296/10,000  ETA: 0:10:36
11:43:31    [P1 176/1000] 📄 ://www.jumia.ma/catalog/?q=ordinateur+portable&page=16#catalog-listing
11:43:38      → 40 cards  +29 new  | total: 6,325/10,000  ETA: 0:10:32
11:43:38    [P1 177/1000] 📄 ://www.jumia.ma/catalog/?q=ordinateur+portable&page=17#catalog-listing
11:43:44      → 40 cards  +36 new  | total: 6,361/10,000  ETA: 0:10:26
11:43:44    [P1 178/1000] 📄 ://www.jumia.ma/catalog/?q=ordinateur+portable&page=18#catalog-listing
11:43:50      → 40 cards  +33 new  | total: 6,394/10,000  ETA: 0:10:20
11:43:50    [P1 179/1000] 📄 ://www.jumia.ma/catalog/?q=ordinateur+portable&page=19#catalog-listing
11:43:55      → 40 cards  +30 new  | total: 6,424/10,000  ETA: 0:10:15
11:43:55    [P1 180/1000] 📄 ://www.jumia.ma/catalog/?q=ordinateur+portable&page=20#catalog-listing
11:44:01      → 40 cards  +35 new  | total: 6,459/10,000  ETA: 0:10:09
11:44:01    [P1 181/1000] 📄 https://www.jumia.ma/catalog/?q=imprimante&page=1#catalog-listing
11:44:07      → 41 cards  +40 new  | total: 6,499/10,000  ETA: 0:10:01
11:44:07    [P1 182/1000] 📄 https://www.jumia.ma/catalog/?q=imprimante&page=2#catalog-listing
11:44:12      → 41 cards  +40 new  | total: 6,539/10,000  ETA: 0:09:54
11:44:12    [P1 183/1000] 📄 https://www.jumia.ma/catalog/?q=imprimante&page=3#catalog-listing
11:44:20      → 41 cards  +39 new  | total: 6,578/10,000  ETA: 0:09:48
11:44:20    [P1 184/1000] 📄 https://www.jumia.ma/catalog/?q=imprimante&page=4#catalog-listing
11:44:28      → 41 cards  +39 new  | total: 6,617/10,000  ETA: 0:09:42
11:44:28    [P1 185/1000] 📄 https://www.jumia.ma/catalog/?q=imprimante&page=5#catalog-listing
11:44:35      → 41 cards  +38 new  | total: 6,655/10,000  ETA: 0:09:36
11:44:35    [P1 186/1000] 📄 https://www.jumia.ma/catalog/?q=imprimante&page=6#catalog-listing
11:44:43      → 41 cards  +37 new  | total: 6,692/10,000  ETA: 0:09:30
11:44:43    [P1 187/1000] 📄 https://www.jumia.ma/catalog/?q=imprimante&page=7#catalog-listing
11:44:48      → 41 cards  +39 new  | total: 6,731/10,000  ETA: 0:09:22
11:44:48    [P1 188/1000] 📄 https://www.jumia.ma/catalog/?q=imprimante&page=8#catalog-listing
11:44:54      → 41 cards  +40 new  | total: 6,771/10,000  ETA: 0:09:15
11:44:54    [P1 189/1000] 📄 https://www.jumia.ma/catalog/?q=imprimante&page=9#catalog-listing
11:44:59      → 41 cards  +37 new  | total: 6,808/10,000  ETA: 0:09:08
11:44:59    [P1 190/1000] 📄 https://www.jumia.ma/catalog/?q=imprimante&page=10#catalog-listing
11:45:06      → 41 cards  +37 new  | total: 6,845/10,000  ETA: 0:09:02
11:45:06    [P1 191/1000] 📄 https://www.jumia.ma/catalog/?q=imprimante&page=11#catalog-listing
11:45:11      → 41 cards  +40 new  | total: 6,885/10,000  ETA: 0:08:54
11:45:11    [P1 192/1000] 📄 https://www.jumia.ma/catalog/?q=imprimante&page=12#catalog-listing
11:45:18      → 41 cards  +38 new  | total: 6,923/10,000  ETA: 0:08:48
11:45:18    [P1 193/1000] 📄 https://www.jumia.ma/catalog/?q=imprimante&page=13#catalog-listing
11:45:24      → 41 cards  +36 new  | total: 6,959/10,000  ETA: 0:08:42
11:45:24    [P1 194/1000] 📄 https://www.jumia.ma/catalog/?q=imprimante&page=14#catalog-listing
11:45:31      → 41 cards  +37 new  | total: 6,996/10,000  ETA: 0:08:36
11:45:31    [P1 195/1000] 📄 https://www.jumia.ma/catalog/?q=imprimante&page=15#catalog-listing
11:45:37      → 41 cards  +39 new  | total: 7,035/10,000  ETA: 0:08:28
11:45:37    [P1 196/1000] 📄 https://www.jumia.ma/catalog/?q=imprimante&page=16#catalog-listing
11:45:43      → 41 cards  +39 new  | total: 7,074/10,000  ETA: 0:08:22
11:45:43    [P1 197/1000] 📄 https://www.jumia.ma/catalog/?q=imprimante&page=17#catalog-listing
11:45:49      → 41 cards  +38 new  | total: 7,112/10,000  ETA: 0:08:15
11:45:49    [P1 198/1000] 📄 https://www.jumia.ma/catalog/?q=imprimante&page=18#catalog-listing
11:45:54      → 41 cards  +39 new  | total: 7,151/10,000  ETA: 0:08:07
11:45:54    [P1 199/1000] 📄 https://www.jumia.ma/catalog/?q=imprimante&page=19#catalog-listing
11:45:59      → 41 cards  +38 new  | total: 7,189/10,000  ETA: 0:08:00
11:45:59    [P1 200/1000] 📄 https://www.jumia.ma/catalog/?q=imprimante&page=20#catalog-listing
11:46:04      → 41 cards  +39 new  | total: 7,228/10,000  ETA: 0:07:53
11:46:04    [P1 201/1000] 📄 https://www.jumia.ma/catalog/?q=disque+dur&page=1#catalog-listing
11:46:10      → 40 cards  +40 new  | total: 7,268/10,000  ETA: 0:07:46
11:46:10    [P1 202/1000] 📄 https://www.jumia.ma/catalog/?q=disque+dur&page=2#catalog-listing
11:46:15      → 40 cards  +40 new  | total: 7,308/10,000  ETA: 0:07:39
11:46:16    [P1 203/1000] 📄 https://www.jumia.ma/catalog/?q=disque+dur&page=3#catalog-listing
11:46:20      → 40 cards  +33 new  | total: 7,341/10,000  ETA: 0:07:32
11:46:20    [P1 204/1000] 📄 https://www.jumia.ma/catalog/?q=disque+dur&page=4#catalog-listing
11:46:25      → 40 cards  +31 new  | total: 7,372/10,000  ETA: 0:07:27
11:46:25    [P1 205/1000] 📄 https://www.jumia.ma/catalog/?q=disque+dur&page=5#catalog-listing
11:46:31      → 40 cards  +26 new  | total: 7,398/10,000  ETA: 0:07:23
11:46:31    [P1 206/1000] 📄 https://www.jumia.ma/catalog/?q=disque+dur&page=6#catalog-listing
11:46:36      → 40 cards  +30 new  | total: 7,428/10,000  ETA: 0:07:18
11:46:36    [P1 207/1000] 📄 https://www.jumia.ma/catalog/?q=disque+dur&page=7#catalog-listing
11:46:43      → 40 cards  +28 new  | total: 7,456/10,000  ETA: 0:07:14
11:46:44    [P1 208/1000] 📄 https://www.jumia.ma/catalog/?q=disque+dur&page=8#catalog-listing
11:46:49      → 40 cards  +31 new  | total: 7,487/10,000  ETA: 0:07:09
11:46:49    [P1 209/1000] 📄 https://www.jumia.ma/catalog/?q=disque+dur&page=9#catalog-listing
11:46:56      → 40 cards  +34 new  | total: 7,521/10,000  ETA: 0:07:04
11:46:56    [P1 210/1000] 📄 https://www.jumia.ma/catalog/?q=disque+dur&page=10#catalog-listing
11:47:01      → 40 cards  +39 new  | total: 7,560/10,000  ETA: 0:06:56
11:47:01    [P1 211/1000] 📄 https://www.jumia.ma/catalog/?q=disque+dur&page=11#catalog-listing
11:47:07      → 40 cards  +40 new  | total: 7,600/10,000  ETA: 0:06:49
11:47:07    [P1 212/1000] 📄 https://www.jumia.ma/catalog/?q=disque+dur&page=12#catalog-listing
11:47:14      → 40 cards  +40 new  | total: 7,640/10,000  ETA: 0:06:43
11:47:14    [P1 213/1000] 📄 https://www.jumia.ma/catalog/?q=disque+dur&page=13#catalog-listing
11:47:19      → 40 cards  +39 new  | total: 7,679/10,000  ETA: 0:06:35
11:47:19    [P1 214/1000] 📄 https://www.jumia.ma/catalog/?q=disque+dur&page=14#catalog-listing
11:47:24      → 40 cards  +39 new  | total: 7,718/10,000  ETA: 0:06:28
11:47:25    [P1 215/1000] 📄 https://www.jumia.ma/catalog/?q=disque+dur&page=15#catalog-listing
11:47:29      → 40 cards  +40 new  | total: 7,758/10,000  ETA: 0:06:21
11:47:29    [P1 216/1000] 📄 https://www.jumia.ma/catalog/?q=disque+dur&page=16#catalog-listing
11:47:36      → 40 cards  +40 new  | total: 7,798/10,000  ETA: 0:06:14
11:47:36    [P1 217/1000] 📄 https://www.jumia.ma/catalog/?q=disque+dur&page=17#catalog-listing
11:47:43      → 40 cards  +40 new  | total: 7,838/10,000  ETA: 0:06:07
11:47:43    [P1 218/1000] 📄 https://www.jumia.ma/catalog/?q=disque+dur&page=18#catalog-listing
11:47:48      → 40 cards  +39 new  | total: 7,877/10,000  ETA: 0:06:00
11:47:48    [P1 219/1000] 📄 https://www.jumia.ma/catalog/?q=disque+dur&page=19#catalog-listing
11:47:53      → 40 cards  +40 new  | total: 7,917/10,000  ETA: 0:05:53
11:47:53    [P1 220/1000] 📄 https://www.jumia.ma/catalog/?q=disque+dur&page=20#catalog-listing
11:48:00      → 40 cards  +39 new  | total: 7,956/10,000  ETA: 0:05:47
11:48:00    [P1 221/1000] 📄 https://www.jumia.ma/catalog/?q=cl%C3%A9+usb&page=1#catalog-listing
11:48:05      → 40 cards  +38 new  | total: 7,994/10,000  ETA: 0:05:40
11:48:05    [P1 222/1000] 📄 https://www.jumia.ma/catalog/?q=cl%C3%A9+usb&page=2#catalog-listing
11:48:12      → 40 cards  +38 new  | total: 8,032/10,000  ETA: 0:05:33
11:48:12    [P1 223/1000] 📄 https://www.jumia.ma/catalog/?q=cl%C3%A9+usb&page=3#catalog-listing
11:48:19      → 40 cards  +36 new  | total: 8,068/10,000  ETA: 0:05:28
11:48:19    [P1 224/1000] 📄 https://www.jumia.ma/catalog/?q=cl%C3%A9+usb&page=4#catalog-listing
11:48:26      → 40 cards  +35 new  | total: 8,103/10,000  ETA: 0:05:22
11:48:26    [P1 225/1000] 📄 https://www.jumia.ma/catalog/?q=cl%C3%A9+usb&page=5#catalog-listing
11:48:33      → 40 cards  +37 new  | total: 8,140/10,000  ETA: 0:05:16
11:48:33    [P1 226/1000] 📄 https://www.jumia.ma/catalog/?q=cl%C3%A9+usb&page=6#catalog-listing
11:48:38      → 40 cards  +39 new  | total: 8,179/10,000  ETA: 0:05:09
11:48:38    [P1 227/1000] 📄 https://www.jumia.ma/catalog/?q=cl%C3%A9+usb&page=7#catalog-listing
11:48:43      → 40 cards  +39 new  | total: 8,218/10,000  ETA: 0:05:02
11:48:43    [P1 228/1000] 📄 https://www.jumia.ma/catalog/?q=cl%C3%A9+usb&page=8#catalog-listing
11:48:51      → 40 cards  +40 new  | total: 8,258/10,000  ETA: 0:04:55
11:48:51    [P1 229/1000] 📄 https://www.jumia.ma/catalog/?q=cl%C3%A9+usb&page=9#catalog-listing
11:48:57      → 40 cards  +40 new  | total: 8,298/10,000  ETA: 0:04:48
11:48:57    [P1 230/1000] 📄 https://www.jumia.ma/catalog/?q=cl%C3%A9+usb&page=10#catalog-listing
11:49:03      → 40 cards  +40 new  | total: 8,338/10,000  ETA: 0:04:41
11:49:03    [P1 231/1000] 📄 https://www.jumia.ma/catalog/?q=cl%C3%A9+usb&page=11#catalog-listing
11:49:09      → 40 cards  +40 new  | total: 8,378/10,000  ETA: 0:04:34
11:49:09    [P1 232/1000] 📄 https://www.jumia.ma/catalog/?q=cl%C3%A9+usb&page=12#catalog-listing
11:49:16      → 40 cards  +40 new  | total: 8,418/10,000  ETA: 0:04:28
11:49:16    [P1 233/1000] 📄 https://www.jumia.ma/catalog/?q=cl%C3%A9+usb&page=13#catalog-listing
11:49:23      → 40 cards  +40 new  | total: 8,458/10,000  ETA: 0:04:21
11:49:23    [P1 234/1000] 📄 https://www.jumia.ma/catalog/?q=cl%C3%A9+usb&page=14#catalog-listing
11:49:31      → 40 cards  +39 new  | total: 8,497/10,000  ETA: 0:04:14
11:49:31    [P1 235/1000] 📄 https://www.jumia.ma/catalog/?q=cl%C3%A9+usb&page=15#catalog-listing
11:49:36      → 40 cards  +40 new  | total: 8,537/10,000  ETA: 0:04:07
11:49:36    [P1 236/1000] 📄 https://www.jumia.ma/catalog/?q=cl%C3%A9+usb&page=16#catalog-listing
11:49:41      → 40 cards  +40 new  | total: 8,577/10,000  ETA: 0:04:00
11:49:41    [P1 237/1000] 📄 https://www.jumia.ma/catalog/?q=cl%C3%A9+usb&page=17#catalog-listing
11:49:47      → 40 cards  +37 new  | total: 8,614/10,000  ETA: 0:03:54
11:49:48    [P1 238/1000] 📄 https://www.jumia.ma/catalog/?q=cl%C3%A9+usb&page=18#catalog-listing
11:49:53      → 40 cards  +37 new  | total: 8,651/10,000  ETA: 0:03:48
11:49:53    [P1 239/1000] 📄 https://www.jumia.ma/catalog/?q=cl%C3%A9+usb&page=19#catalog-listing
11:50:00      → 16 cards  +16 new  | total: 8,667/10,000  ETA: 0:03:46
11:50:00    [P1 240/1000] 📄 https://www.jumia.ma/catalog/?q=cl%C3%A9+usb&page=20#catalog-listing
11:50:04      🔄 Retry 1/2…
11:50:13      🔄 Retry 2/2…
11:50:21      → 0 cards (vide)
11:50:21    [P1 241/1000] 📄 https://www.jumia.ma/catalog/?q=souris+sans+fil&page=1#catalog-listing
11:50:26      → 40 cards  +34 new  | total: 8,701/10,000  ETA: 0:03:43
11:50:26    [P1 242/1000] 📄 https://www.jumia.ma/catalog/?q=souris+sans+fil&page=2#catalog-listing
11:50:31      → 40 cards  +28 new  | total: 8,729/10,000  ETA: 0:03:38
11:50:31    [P1 243/1000] 📄 https://www.jumia.ma/catalog/?q=souris+sans+fil&page=3#catalog-listing
11:50:36      → 40 cards  +26 new  | total: 8,755/10,000  ETA: 0:03:34
11:50:36    [P1 244/1000] 📄 https://www.jumia.ma/catalog/?q=souris+sans+fil&page=4#catalog-listing
11:50:41      → 40 cards  +30 new  | total: 8,785/10,000  ETA: 0:03:29
11:50:41    [P1 245/1000] 📄 https://www.jumia.ma/catalog/?q=souris+sans+fil&page=5#catalog-listing
11:50:47      → 40 cards  +33 new  | total: 8,818/10,000  ETA: 0:03:23
11:50:47    [P1 246/1000] 📄 https://www.jumia.ma/catalog/?q=souris+sans+fil&page=6#catalog-listing
11:50:52      → 40 cards  +39 new  | total: 8,857/10,000  ETA: 0:03:16
11:50:52    [P1 247/1000] 📄 https://www.jumia.ma/catalog/?q=souris+sans+fil&page=7#catalog-listing
11:50:57      → 40 cards  +40 new  | total: 8,897/10,000  ETA: 0:03:09
11:50:57    [P1 248/1000] 📄 https://www.jumia.ma/catalog/?q=souris+sans+fil&page=8#catalog-listing
11:51:03      → 40 cards  +38 new  | total: 8,935/10,000  ETA: 0:03:02
11:51:03    [P1 249/1000] 📄 https://www.jumia.ma/catalog/?q=souris+sans+fil&page=9#catalog-listing
11:51:11      → 40 cards  +40 new  | total: 8,975/10,000  ETA: 0:02:56
11:51:11    [P1 250/1000] 📄 ttps://www.jumia.ma/catalog/?q=souris+sans+fil&page=10#catalog-listing
11:51:19      → 40 cards  +40 new  | total: 9,015/10,000  ETA: 0:02:49
11:51:19    [P1 251/1000] 📄 ttps://www.jumia.ma/catalog/?q=souris+sans+fil&page=11#catalog-listing
11:51:25      → 40 cards  +38 new  | total: 9,053/10,000  ETA: 0:02:42
11:51:25    [P1 252/1000] 📄 ttps://www.jumia.ma/catalog/?q=souris+sans+fil&page=12#catalog-listing
11:51:32      → 40 cards  +39 new  | total: 9,092/10,000  ETA: 0:02:36
11:51:32    [P1 253/1000] 📄 ttps://www.jumia.ma/catalog/?q=souris+sans+fil&page=13#catalog-listing
11:51:37      → 40 cards  +38 new  | total: 9,130/10,000  ETA: 0:02:29
11:51:37    [P1 254/1000] 📄 ttps://www.jumia.ma/catalog/?q=souris+sans+fil&page=14#catalog-listing
11:51:43      → 40 cards  +40 new  | total: 9,170/10,000  ETA: 0:02:22
11:51:43    [P1 255/1000] 📄 ttps://www.jumia.ma/catalog/?q=souris+sans+fil&page=15#catalog-listing
11:51:49      → 40 cards  +40 new  | total: 9,210/10,000  ETA: 0:02:15
11:51:49    [P1 256/1000] 📄 ttps://www.jumia.ma/catalog/?q=souris+sans+fil&page=16#catalog-listing
11:51:56      → 40 cards  +40 new  | total: 9,250/10,000  ETA: 0:02:08
11:51:56    [P1 257/1000] 📄 ttps://www.jumia.ma/catalog/?q=souris+sans+fil&page=17#catalog-listing
11:52:03      → 40 cards  +38 new  | total: 9,288/10,000  ETA: 0:02:02
11:52:03    [P1 258/1000] 📄 ttps://www.jumia.ma/catalog/?q=souris+sans+fil&page=18#catalog-listing
11:52:10      → 40 cards  +40 new  | total: 9,328/10,000  ETA: 0:01:55
11:52:11    [P1 259/1000] 📄 ttps://www.jumia.ma/catalog/?q=souris+sans+fil&page=19#catalog-listing
11:52:15      → 40 cards  +35 new  | total: 9,363/10,000  ETA: 0:01:49
11:52:16    [P1 260/1000] 📄 ttps://www.jumia.ma/catalog/?q=souris+sans+fil&page=20#catalog-listing
11:52:23      → 40 cards  +37 new  | total: 9,400/10,000  ETA: 0:01:43
11:52:23    [P1 261/1000] 📄 https://www.jumia.ma/catalog/?q=clavier&page=1#catalog-listing
11:52:30      → 40 cards  +32 new  | total: 9,432/10,000  ETA: 0:01:37
11:52:30    [P1 262/1000] 📄 https://www.jumia.ma/catalog/?q=clavier&page=2#catalog-listing
11:52:37      → 40 cards  +34 new  | total: 9,466/10,000  ETA: 0:01:31
11:52:37    [P1 263/1000] 📄 https://www.jumia.ma/catalog/?q=clavier&page=3#catalog-listing
11:52:44      → 40 cards  +24 new  | total: 9,490/10,000  ETA: 0:01:27
11:52:44    [P1 264/1000] 📄 https://www.jumia.ma/catalog/?q=clavier&page=4#catalog-listing
11:52:50      → 40 cards  +22 new  | total: 9,512/10,000  ETA: 0:01:24
11:52:50    [P1 265/1000] 📄 https://www.jumia.ma/catalog/?q=clavier&page=5#catalog-listing
11:52:57      → 40 cards  +18 new  | total: 9,530/10,000  ETA: 0:01:21
11:52:58    [P1 266/1000] 📄 https://www.jumia.ma/catalog/?q=clavier&page=6#catalog-listing
11:53:04      → 40 cards  +17 new  | total: 9,547/10,000  ETA: 0:01:18
11:53:04    [P1 267/1000] 📄 https://www.jumia.ma/catalog/?q=clavier&page=7#catalog-listing
11:53:09      → 40 cards  +19 new  | total: 9,566/10,000  ETA: 0:01:15
11:53:10    [P1 268/1000] 📄 https://www.jumia.ma/catalog/?q=clavier&page=8#catalog-listing
11:53:15      → 40 cards  +19 new  | total: 9,585/10,000  ETA: 0:01:12
11:53:15    [P1 269/1000] 📄 https://www.jumia.ma/catalog/?q=clavier&page=9#catalog-listing
11:53:22      → 40 cards  +20 new  | total: 9,605/10,000  ETA: 0:01:08
11:53:23    [P1 270/1000] 📄 https://www.jumia.ma/catalog/?q=clavier&page=10#catalog-listing
11:53:27      → 40 cards  +23 new  | total: 9,628/10,000  ETA: 0:01:04
11:53:27    [P1 271/1000] 📄 https://www.jumia.ma/catalog/?q=clavier&page=11#catalog-listing
11:53:33      → 40 cards  +30 new  | total: 9,658/10,000  ETA: 0:00:59
11:53:33    [P1 272/1000] 📄 https://www.jumia.ma/catalog/?q=clavier&page=12#catalog-listing
11:53:38      → 40 cards  +28 new  | total: 9,686/10,000  ETA: 0:00:54
11:53:38    [P1 273/1000] 📄 https://www.jumia.ma/catalog/?q=clavier&page=13#catalog-listing
11:53:43      → 40 cards  +31 new  | total: 9,717/10,000  ETA: 0:00:49
11:53:43    [P1 274/1000] 📄 https://www.jumia.ma/catalog/?q=clavier&page=14#catalog-listing
11:53:50      → 40 cards  +29 new  | total: 9,746/10,000  ETA: 0:00:44
11:53:50    [P1 275/1000] 📄 https://www.jumia.ma/catalog/?q=clavier&page=15#catalog-listing
11:53:56      → 40 cards  +29 new  | total: 9,775/10,000  ETA: 0:00:39
11:53:56    [P1 276/1000] 📄 https://www.jumia.ma/catalog/?q=clavier&page=16#catalog-listing
11:54:02      → 40 cards  +33 new  | total: 9,808/10,000  ETA: 0:00:33
11:54:02    [P1 277/1000] 📄 https://www.jumia.ma/catalog/?q=clavier&page=17#catalog-listing
11:54:08      → 40 cards  +31 new  | total: 9,839/10,000  ETA: 0:00:28
11:54:08    [P1 278/1000] 📄 https://www.jumia.ma/catalog/?q=clavier&page=18#catalog-listing
11:54:14      → 40 cards  +35 new  | total: 9,874/10,000  ETA: 0:00:22
11:54:14    [P1 279/1000] 📄 https://www.jumia.ma/catalog/?q=clavier&page=19#catalog-listing
11:54:20      → 40 cards  +32 new  | total: 9,906/10,000  ETA: 0:00:16
11:54:20    [P1 280/1000] 📄 https://www.jumia.ma/catalog/?q=clavier&page=20#catalog-listing
11:54:25      → 40 cards  +31 new  | total: 9,937/10,000  ETA: 0:00:11
11:54:25    [P1 281/1000] 📄 https://www.jumia.ma/catalog/?q=television&page=1#catalog-listing
11:54:32      → 40 cards  +32 new  | total: 9,969/10,000  ETA: 0:00:05
11:54:32    [P1 282/1000] 📄 https://www.jumia.ma/catalog/?q=television&page=2#catalog-listing
11:54:38      → 40 cards  +34 new  | total: 10,003/10,000  ETA: 0:00:00
11:54:39  
🎉 Terminé ! 10,003 produits → C:\Users\DELL\Desktop\scraping\jumia_data.json
11:54:39  
📊 Statistiques :
11:54:39     % réduction : 6,894
11:54:39     Forfait     : 0
11:54:39     Sans offre  : 3,109
11:54:39  
📦 Exemple :
11:54:39  [
  {
    "titre": "Samsung smartphone Galaxy A56 5G stockage 256GB Ram 8 GB 6,7 Super AMOLED 120 Hz 50+12+5 MP-awesome lightgray",
    "prixInitial": 4999.0,
    "prixBase": 3996.0,
    "prixOffre": 3996.0,
    "categorie": "Téléphones & Tablettes",
    "location": "Maroc",
    "statut": "actif",
    "monnaie": "MAD",
    "offre": [
      {
        "typeOffre": "pourcentage",
        "valeurOffre": 20.0,
        "monnaie": "MAD",
        "dateCreation": "2026-03-29",
        "statut": "active"
      }
    ],
    "seller": "",
    "rating": "",
    "link": "https://www.jumia.ma/samsung-smartphone-galaxy-a56-5g-stockage-256gb-ram-8-gb-67-super-amoled-120-hz-50125-mp-awesome-lightgray-67203883.html",
    "date": "2026-03-29"
  },
  {
    "titre": "Sanza Plus – Smartphone 4G – Écran 5” – Double SIM – 16GB – Noir",
    "prixInitial": 699.0,
    "prixBase": 489.0,
    "prixOffre": 489.0,
    "categorie": "Téléphones & Tablettes",
    "location": "Maroc",
    "statut": "actif",
    "monnaie": "MAD",
    "offre": [
      {
        "typeOffre": "pourcentage",
        "valeurOffre": 30.0,
        "monnaie": "MAD",
        "dateCreation": "2026-03-29",
        "statut": "active"
      }
    ],
    "seller": "",
    "rating": "",
    "link": "https://www.jumia.ma/sanza-plus-smartphone-4g-ecran-5-double-sim-16gb-noir-67617873.html",
    "date": "2026-03-29"
  }
]
