12:23:57  🚀 Amazon.fr Scraper — stealth edition v2
12:23:57     Target  : 10,000 unique products
12:23:57     Output  : d:\EMSI\S8\PFA\PFA\scraping\amazon_data.json
12:23:57     Log     : d:\EMSI\S8\PFA\PFA\scraping\amazon_scraper.log
12:23:57     Phase 1 : 40 terms × 20 pages ≈ 12,800 targets
12:23:57     Phase 2 : 13 cats  × 10  pages ≈ 2,080 bonus

12:23:58  🌐 Opening Amazon.fr…
12:24:17  
============================================================
12:24:17  PHASE 1 — 40 terms × 20 pages
12:24:17  ============================================================
12:24:17    [P1 1/800] 📄 https://www.amazon.fr/s?k=smartphone&page=1  
12:24:44    🔴 BLOCKED (streak=1) — rotating context in 60s…
12:25:48      🔄 Retry 1/2…
12:26:17    🔴 BLOCKED (streak=2) — rotating context in 60s…
12:26:36  
⚠️  Interrupted by user — partial data already saved.
12:29:29  🚀 Amazon.fr Scraper — stealth edition v2
12:29:29     Target  : 10,000 unique products
12:29:29     Output  : d:\EMSI\S8\PFA\PFA\scraping\amazon_data.json
12:29:29     Log     : d:\EMSI\S8\PFA\PFA\scraping\amazon_scraper.log
12:29:29     Phase 1 : 40 terms × 20 pages ≈ 12,800 targets
12:29:29     Phase 2 : 13 cats  × 10  pages ≈ 2,080 bonus

12:29:30  🌐 Browser ready — going directly to search pages (debug_amazon.py style)…
12:29:32  
============================================================
12:29:32  PHASE 1 — 40 terms × 20 pages
12:29:32  ============================================================
12:29:32    [P1 1/800] 📄 https://www.amazon.fr/s?k=smartphone&page=1  
12:29:50      → 48 cards  +48 new  | total: 48/10,000  ETA: 1:13:50
12:29:50    [P1 2/800] 📄 https://www.amazon.fr/s?k=smartphone&page=2  
12:30:10      → 48 cards  +48 new  | total: 96/10,000  ETA: 1:11:19
12:30:10    [P1 3/800] 📄 https://www.amazon.fr/s?k=smartphone&page=3  
12:30:32      → 60 cards  +56 new  | total: 152/10,000  ETA: 1:08:27
12:30:32    [P1 4/800] 📄 https://www.amazon.fr/s?k=smartphone&page=4  
12:30:50      → 48 cards  +47 new  | total: 199/10,000  ETA: 1:06:54
12:30:50    [P1 5/800] 📄 https://www.amazon.fr/s?k=smartphone&page=5  
12:31:08      → 48 cards  +48 new  | total: 247/10,000  ETA: 1:05:35
12:31:08    [P1 6/800] 📄 https://www.amazon.fr/s?k=smartphone&page=6  
12:31:28      → 60 cards  +46 new  | total: 293/10,000  ETA: 1:05:56
12:31:28    [P1 7/800] 📄 https://www.amazon.fr/s?k=smartphone&page=7  
12:31:45      → 18 cards  +16 new  | total: 309/10,000  ETA: 1:11:29
12:31:45    [P1 8/800] 📄 https://www.amazon.fr/s?k=smartphone&page=8  
12:32:06      → 12 cards  +1 new  | total: 310/10,000  ETA: 1:21:46
12:32:06    [P1 9/800] 📄 https://www.amazon.fr/s?k=smartphone&page=9  
12:32:26      → 12 cards  +0 new  | total: 310/10,000  ETA: 1:32:32
12:32:26    [P1 10/800] 📄 https://www.amazon.fr/s?k=smartphone&page=10  
12:32:44      → 0 cards  +0 new  | total: 310/10,000  ETA: 1:41:54
12:32:44    [P1 11/800] 📄 https://www.amazon.fr/s?k=smartphone&page=11  
12:33:01      → 0 cards  +0 new  | total: 310/10,000  ETA: 1:50:33
12:33:01    [P1 12/800] 📄 https://www.amazon.fr/s?k=smartphone&page=12  
12:33:20      → 0 cards  +0 new  | total: 310/10,000  ETA: 2:00:28
12:33:20    [P1 13/800] 📄 https://www.amazon.fr/s?k=smartphone&page=13  
12:33:41      → 0 cards  +0 new  | total: 310/10,000  ETA: 2:11:40
12:33:41    [P1 14/800] 📄 https://www.amazon.fr/s?k=smartphone&page=14  
12:33:59      → 0 cards  +0 new  | total: 310/10,000  ETA: 2:21:00
12:33:59    [P1 15/800] 📄 https://www.amazon.fr/s?k=smartphone&page=15  
12:34:20      → 12 cards  +2 new  | total: 312/10,000  ETA: 2:30:48
12:34:20    [P1 16/800] 📄 https://www.amazon.fr/s?k=smartphone&page=16  
12:34:38      → 0 cards  +0 new  | total: 312/10,000  ETA: 2:39:58
12:34:38    [P1 17/800] 📄 https://www.amazon.fr/s?k=smartphone&page=17  
12:34:56      → 0 cards  +0 new  | total: 312/10,000  ETA: 2:49:11
12:34:56    [P1 18/800] 📄 https://www.amazon.fr/s?k=smartphone&page=18  
12:35:15      → 0 cards  +0 new  | total: 312/10,000  ETA: 2:59:09
12:35:15    [P1 19/800] 📄 https://www.amazon.fr/s?k=smartphone&page=19  
12:35:35      → 0 cards  +0 new  | total: 312/10,000  ETA: 3:09:28
12:35:35    [P1 20/800] 📄 https://www.amazon.fr/s?k=smartphone&page=20  
12:35:50      → 0 cards  +0 new  | total: 312/10,000  ETA: 3:17:37
12:35:50    [P1 21/800] 📄 https://www.amazon.fr/s?k=iphone&page=1  
12:36:08      → 48 cards  +45 new  | total: 357/10,000  ETA: 2:59:34
12:36:08    [P1 22/800] 📄 https://www.amazon.fr/s?k=iphone&page=2  
12:36:28      → 48 cards  +44 new  | total: 401/10,000  ETA: 2:47:16
12:36:28    [P1 23/800] 📄 https://www.amazon.fr/s?k=iphone&page=3  
12:36:47      → 48 cards  +48 new  | total: 449/10,000  ETA: 2:35:23
12:36:47    [P1 24/800] 📄 https://www.amazon.fr/s?k=iphone&page=4  
12:37:06      → 48 cards  +48 new  | total: 497/10,000  ETA: 2:25:37
12:37:06    [P1 25/800] 📄 https://www.amazon.fr/s?k=iphone&page=5  
12:37:25      → 48 cards  +47 new  | total: 544/10,000  ETA: 2:18:06
12:37:25    🔄 Scheduled context rotation…
12:37:30    [P1 26/800] 📄 https://www.amazon.fr/s?k=iphone&page=6  
12:37:48      → 52 cards  +39 new  | total: 583/10,000  ETA: 2:14:19
12:37:48    [P1 27/800] 📄 https://www.amazon.fr/s?k=iphone&page=7  
12:38:07      → 22 cards  +9 new  | total: 592/10,000  ETA: 2:17:20
12:38:07    [P1 28/800] 📄 https://www.amazon.fr/s?k=iphone&page=8  
12:38:28      → 4 cards  +1 new  | total: 593/10,000  ETA: 2:22:30
12:38:28    [P1 29/800] 📄 https://www.amazon.fr/s?k=iphone&page=9  
12:38:44      → 4 cards  +1 new  | total: 594/10,000  ETA: 2:26:38
12:38:44    [P1 30/800] 📄 https://www.amazon.fr/s?k=iphone&page=10  
12:39:05      → 4 cards  +1 new  | total: 595/10,000  ETA: 2:31:50
12:39:05    [P1 31/800] 📄 https://www.amazon.fr/s?k=iphone&page=11  
12:39:22      → 4 cards  +1 new  | total: 596/10,000  ETA: 2:36:01
12:39:22    [P1 32/800] 📄 https://www.amazon.fr/s?k=iphone&page=12  
12:39:39      → 4 cards  +2 new  | total: 598/10,000  ETA: 2:39:52
12:39:39    [P1 33/800] 📄 https://www.amazon.fr/s?k=iphone&page=13  
12:39:58      → 4 cards  +1 new  | total: 599/10,000  ETA: 2:44:34
12:39:58    [P1 34/800] 📄 https://www.amazon.fr/s?k=iphone&page=14  
12:40:17      → 4 cards  +0 new  | total: 599/10,000  ETA: 2:49:39
12:40:17    [P1 35/800] 📄 https://www.amazon.fr/s?k=iphone&page=15  
12:40:33      → 4 cards  +0 new  | total: 599/10,000  ETA: 2:53:51
12:40:33    [P1 36/800] 📄 https://www.amazon.fr/s?k=iphone&page=16  
12:40:52      → 4 cards  +0 new  | total: 599/10,000  ETA: 2:58:48
12:40:52    [P1 37/800] 📄 https://www.amazon.fr/s?k=iphone&page=17  
12:41:10      → 4 cards  +1 new  | total: 600/10,000  ETA: 3:03:15
12:41:10    [P1 38/800] 📄 https://www.amazon.fr/s?k=iphone&page=18  
12:41:29      → 4 cards  +1 new  | total: 601/10,000  ETA: 3:07:44
12:41:29    [P1 39/800] 📄 https://www.amazon.fr/s?k=iphone&page=19  
12:41:47      → 4 cards  +0 new  | total: 601/10,000  ETA: 3:12:20
12:41:47    [P1 40/800] 📄 https://www.amazon.fr/s?k=iphone&page=20  
12:42:07      → 4 cards  +1 new  | total: 602/10,000  ETA: 3:17:12
12:42:07    [P1 41/800] 📄 https://www.amazon.fr/s?k=samsung+galaxy&page=1  
12:42:28      → 60 cards  +18 new  | total: 620/10,000  ETA: 3:16:23
12:42:28    [P1 42/800] 📄 https://www.amazon.fr/s?k=samsung+galaxy&page=2  
12:42:46      → 60 cards  +35 new  | total: 655/10,000  ETA: 3:09:34
12:42:46    [P1 43/800] 📄 https://www.amazon.fr/s?k=samsung+galaxy&page=3  
12:43:04      → 60 cards  +47 new  | total: 702/10,000  ETA: 3:00:06
12:43:04    [P1 44/800] 📄 https://www.amazon.fr/s?k=samsung+galaxy&page=4  
12:43:28      → 60 cards  +49 new  | total: 751/10,000  ETA: 2:52:11
12:43:28    [P1 45/800] 📄 https://www.amazon.fr/s?k=samsung+galaxy&page=5  
12:43:46      → 60 cards  +49 new  | total: 800/10,000  ETA: 2:44:22
12:43:46    [P1 46/800] 📄 https://www.amazon.fr/s?k=samsung+galaxy&page=6  
12:44:05      → 60 cards  +42 new  | total: 842/10,000  ETA: 2:38:53
12:44:05    [P1 47/800] 📄 https://www.amazon.fr/s?k=samsung+galaxy&page=7  
12:44:24      → 30 cards  +14 new  | total: 856/10,000  ETA: 2:39:29
12:44:24    [P1 48/800] 📄 https://www.amazon.fr/s?k=samsung+galaxy&page=8  
12:44:41      → 12 cards  +3 new  | total: 859/10,000  ETA: 2:41:53
12:44:41    [P1 49/800] 📄 https://www.amazon.fr/s?k=samsung+galaxy&page=9  
12:45:01      → 12 cards  +0 new  | total: 859/10,000  ETA: 2:45:21
12:45:01    [P1 50/800] 📄 https://www.amazon.fr/s?k=samsung+galaxy&page=10  
12:45:20      → 12 cards  +0 new  | total: 859/10,000  ETA: 2:48:48
12:45:20    🔄 Scheduled context rotation…
12:45:25    [P1 51/800] 📄 https://www.amazon.fr/s?k=samsung+galaxy&page=11  
12:45:44      → 12 cards  +1 new  | total: 860/10,000  ETA: 2:52:51
12:45:44    [P1 52/800] 📄 https://www.amazon.fr/s?k=samsung+galaxy&page=12  
12:46:03      → 12 cards  +0 new  | total: 860/10,000  ETA: 2:56:09
12:46:03    [P1 53/800] 📄 https://www.amazon.fr/s?k=samsung+galaxy&page=13  
12:46:21      → 12 cards  +0 new  | total: 860/10,000  ETA: 2:59:17
12:46:21    [P1 54/800] 📄 https://www.amazon.fr/s?k=samsung+galaxy&page=14  
12:46:38      → 12 cards  +0 new  | total: 860/10,000  ETA: 3:02:18
12:46:38    [P1 55/800] 📄 https://www.amazon.fr/s?k=samsung+galaxy&page=15  
12:47:00      → 12 cards  +0 new  | total: 860/10,000  ETA: 3:06:08
12:47:00    [P1 56/800] 📄 https://www.amazon.fr/s?k=samsung+galaxy&page=16  
12:47:19      → 12 cards  +0 new  | total: 860/10,000  ETA: 3:09:40
12:47:19    [P1 57/800] 📄 https://www.amazon.fr/s?k=samsung+galaxy&page=17  
12:47:38      → 12 cards  +0 new  | total: 860/10,000  ETA: 3:12:56
12:47:38    [P1 58/800] 📄 https://www.amazon.fr/s?k=samsung+galaxy&page=18  
12:47:59      → 12 cards  +0 new  | total: 860/10,000  ETA: 3:16:35
12:47:59    [P1 59/800] 📄 https://www.amazon.fr/s?k=samsung+galaxy&page=19  
12:48:16      → 12 cards  +0 new  | total: 860/10,000  ETA: 3:19:43
12:48:16    [P1 60/800] 📄 https://www.amazon.fr/s?k=samsung+galaxy&page=20  
12:48:37      → 12 cards  +0 new  | total: 860/10,000  ETA: 3:23:26
12:48:37    [P1 61/800] 📄 https://www.amazon.fr/s?k=tablette+android&page=1  
12:48:56      → 60 cards  +43 new  | total: 903/10,000  ETA: 3:16:01
12:48:56    [P1 62/800] 📄 https://www.amazon.fr/s?k=tablette+android&page=2  
12:49:18      → 60 cards  +42 new  | total: 945/10,000  ETA: 3:09:55
12:49:18    [P1 63/800] 📄 https://www.amazon.fr/s?k=tablette+android&page=3  
12:49:35      → 60 cards  +39 new  | total: 984/10,000  ETA: 3:04:17
12:49:35    [P1 64/800] 📄 https://www.amazon.fr/s?k=tablette+android&page=4  
12:49:57      → 60 cards  +44 new  | total: 1,028/10,000  ETA: 2:58:43
12:49:57    [P1 65/800] 📄 https://www.amazon.fr/s?k=tablette+android&page=5  
12:50:18      → 60 cards  +46 new  | total: 1,074/10,000  ETA: 2:53:01
12:50:18    [P1 66/800] 📄 https://www.amazon.fr/s?k=tablette+android&page=6  
12:50:36      → 60 cards  +41 new  | total: 1,115/10,000  ETA: 2:48:19
12:50:36    [P1 67/800] 📄 https://www.amazon.fr/s?k=tablette+android&page=7  
12:50:57      → 30 cards  +14 new  | total: 1,129/10,000  ETA: 2:48:41
12:50:57    [P1 68/800] 📄 https://www.amazon.fr/s?k=tablette+android&page=8  
12:51:13      → 12 cards  +0 new  | total: 1,129/10,000  ETA: 2:50:45
12:51:13    [P1 69/800] 📄 https://www.amazon.fr/s?k=tablette+android&page=9  
12:51:28      → 12 cards  +0 new  | total: 1,129/10,000  ETA: 2:52:50
12:51:28    [P1 70/800] 📄 https://www.amazon.fr/s?k=tablette+android&page=10  
12:51:46      → 12 cards  +0 new  | total: 1,129/10,000  ETA: 2:55:11
12:51:46    [P1 71/800] 📄 https://www.amazon.fr/s?k=tablette+android&page=11  
12:52:07      → 12 cards  +0 new  | total: 1,129/10,000  ETA: 2:57:55
12:52:07    [P1 72/800] 📄 https://www.amazon.fr/s?k=tablette+android&page=12  
12:52:26      → 12 cards  +0 new  | total: 1,129/10,000  ETA: 3:00:19
12:52:26    [P1 73/800] 📄 https://www.amazon.fr/s?k=tablette+android&page=13  
12:52:46      → 12 cards  +0 new  | total: 1,129/10,000  ETA: 3:03:01
12:52:46    [P1 74/800] 📄 https://www.amazon.fr/s?k=tablette+android&page=14  
12:53:04      → 12 cards  +0 new  | total: 1,129/10,000  ETA: 3:05:19
12:53:04    [P1 75/800] 📄 https://www.amazon.fr/s?k=tablette+android&page=15  
12:53:22      → 12 cards  +0 new  | total: 1,129/10,000  ETA: 3:07:45
12:53:22    🔄 Scheduled context rotation…
12:53:26    [P1 76/800] 📄 https://www.amazon.fr/s?k=tablette+android&page=16  
12:53:45      → 12 cards  +0 new  | total: 1,129/10,000  ETA: 3:10:42
12:53:45    [P1 77/800] 📄 https://www.amazon.fr/s?k=tablette+android&page=17  
12:54:03      → 12 cards  +0 new  | total: 1,129/10,000  ETA: 3:13:05
12:54:03    [P1 78/800] 📄 https://www.amazon.fr/s?k=tablette+android&page=18  
12:54:24      → 12 cards  +1 new  | total: 1,130/10,000  ETA: 3:15:39
12:54:24    [P1 79/800] 📄 https://www.amazon.fr/s?k=tablette+android&page=19  
12:54:40      → 12 cards  +0 new  | total: 1,130/10,000  ETA: 3:17:43
12:54:40    [P1 80/800] 📄 https://www.amazon.fr/s?k=tablette+android&page=20  
12:55:01      → 12 cards  +0 new  | total: 1,130/10,000  ETA: 3:20:26
12:55:01    [P1 81/800] 📄 https://www.amazon.fr/s?k=ipad&page=1  
12:55:19      → 48 cards  +40 new  | total: 1,170/10,000  ETA: 3:15:03
12:55:19    [P1 82/800] 📄 https://www.amazon.fr/s?k=ipad&page=2  
12:55:37      → 52 cards  +48 new  | total: 1,218/10,000  ETA: 3:08:28
12:55:37    [P1 83/800] 📄 https://www.amazon.fr/s?k=ipad&page=3  
12:55:55      → 52 cards  +48 new  | total: 1,266/10,000  ETA: 3:02:23
12:55:55    [P1 84/800] 📄 https://www.amazon.fr/s?k=ipad&page=4  
12:56:13      → 52 cards  +48 new  | total: 1,314/10,000  ETA: 2:56:46
12:56:13    [P1 85/800] 📄 https://www.amazon.fr/s?k=ipad&page=5  
12:56:34      → 52 cards  +47 new  | total: 1,361/10,000  ETA: 2:51:54
12:56:34    [P1 86/800] 📄 https://www.amazon.fr/s?k=ipad&page=6  
12:56:57      → 52 cards  +43 new  | total: 1,404/10,000  ETA: 2:48:13
12:56:57    [P1 87/800] 📄 https://www.amazon.fr/s?k=ipad&page=7  
12:57:16      → 22 cards  +14 new  | total: 1,418/10,000  ETA: 2:48:12
12:57:16    [P1 88/800] 📄 https://www.amazon.fr/s?k=ipad&page=8  
12:57:37      → 4 cards  +0 new  | total: 1,418/10,000  ETA: 2:50:17
12:57:37    [P1 89/800] 📄 https://www.amazon.fr/s?k=ipad&page=9  
12:57:54      → 4 cards  +0 new  | total: 1,418/10,000  ETA: 2:51:58
12:57:54    [P1 90/800] 📄 https://www.amazon.fr/s?k=ipad&page=10  
12:58:11      → 4 cards  +0 new  | total: 1,418/10,000  ETA: 2:53:41
12:58:11    [P1 91/800] 📄 https://www.amazon.fr/s?k=ipad&page=11  
12:58:30      → 4 cards  +0 new  | total: 1,418/10,000  ETA: 2:55:38
12:58:30    [P1 92/800] 📄 https://www.amazon.fr/s?k=ipad&page=12  
12:58:50      → 4 cards  +0 new  | total: 1,418/10,000  ETA: 2:57:42
12:58:50    [P1 93/800] 📄 https://www.amazon.fr/s?k=ipad&page=13  
12:59:07      → 4 cards  +0 new  | total: 1,418/10,000  ETA: 2:59:20
12:59:07    [P1 94/800] 📄 https://www.amazon.fr/s?k=ipad&page=14  
12:59:26      → 4 cards  +0 new  | total: 1,418/10,000  ETA: 3:01:19
12:59:26    [P1 95/800] 📄 https://www.amazon.fr/s?k=ipad&page=15  
12:59:44      → 4 cards  +0 new  | total: 1,418/10,000  ETA: 3:03:09
12:59:44    [P1 96/800] 📄 https://www.amazon.fr/s?k=ipad&page=16  
13:00:04      → 4 cards  +0 new  | total: 1,418/10,000  ETA: 3:05:06
13:00:04    [P1 97/800] 📄 https://www.amazon.fr/s?k=ipad&page=17  
13:00:20      → 4 cards  +0 new  | total: 1,418/10,000  ETA: 3:06:44
13:00:20    [P1 98/800] 📄 https://www.amazon.fr/s?k=ipad&page=18  
13:00:39      → 4 cards  +0 new  | total: 1,418/10,000  ETA: 3:08:40
13:00:39    [P1 99/800] 📄 https://www.amazon.fr/s?k=ipad&page=19  
13:00:58      → 4 cards  +0 new  | total: 1,418/10,000  ETA: 3:10:37
13:00:58    [P1 100/800] 📄 https://www.amazon.fr/s?k=ipad&page=20  
13:01:18      → 4 cards  +0 new  | total: 1,418/10,000  ETA: 3:12:33
13:01:18    🔄 Scheduled context rotation…
13:01:21    [P1 101/800] 📄 https://www.amazon.fr/s?k=laptop&page=1  
13:01:43      → 48 cards  +47 new  | total: 1,465/10,000  ETA: 3:07:50
13:01:43    [P1 102/800] 📄 https://www.amazon.fr/s?k=laptop&page=2  
13:02:02      → 48 cards  +48 new  | total: 1,513/10,000  ETA: 3:02:39
13:02:02    [P1 103/800] 📄 https://www.amazon.fr/s?k=laptop&page=3  
13:02:21      → 48 cards  +48 new  | total: 1,561/10,000  ETA: 2:57:43
13:02:21    [P1 104/800] 📄 https://www.amazon.fr/s?k=laptop&page=4  
13:02:40      → 48 cards  +48 new  | total: 1,609/10,000  ETA: 2:53:05
13:02:40    [P1 105/800] 📄 https://www.amazon.fr/s?k=laptop&page=5  
13:03:01      → 48 cards  +48 new  | total: 1,657/10,000  ETA: 2:48:53
13:03:01    [P1 106/800] 📄 https://www.amazon.fr/s?k=laptop&page=6  
13:03:20      → 60 cards  +51 new  | total: 1,708/10,000  ETA: 2:44:21
13:03:20    [P1 107/800] 📄 https://www.amazon.fr/s?k=laptop&page=7  
13:03:37      → 18 cards  +8 new  | total: 1,716/10,000  ETA: 2:44:50
13:03:37    [P1 108/800] 📄 https://www.amazon.fr/s?k=laptop&page=8  
13:03:57      → 0 cards  +0 new  | total: 1,716/10,000  ETA: 2:46:24
13:03:57    [P1 109/800] 📄 https://www.amazon.fr/s?k=laptop&page=9  
13:04:14      → 12 cards  +2 new  | total: 1,718/10,000  ETA: 2:47:35
13:04:15    [P1 110/800] 📄 https://www.amazon.fr/s?k=laptop&page=10  
13:04:35      → 12 cards  +0 new  | total: 1,718/10,000  ETA: 2:49:12
13:04:35    [P1 111/800] 📄 https://www.amazon.fr/s?k=laptop&page=11  
13:04:52      → 0 cards  +0 new  | total: 1,718/10,000  ETA: 2:50:35
13:04:52    [P1 112/800] 📄 https://www.amazon.fr/s?k=laptop&page=12  
13:05:13      → 0 cards  +0 new  | total: 1,718/10,000  ETA: 2:52:16
13:05:13    [P1 113/800] 📄 https://www.amazon.fr/s?k=laptop&page=13  
13:05:30      → 0 cards  +0 new  | total: 1,718/10,000  ETA: 2:53:40
13:05:30    [P1 114/800] 📄 https://www.amazon.fr/s?k=laptop&page=14  
13:05:48      → 12 cards  +0 new  | total: 1,718/10,000  ETA: 2:55:04
13:05:48    [P1 115/800] 📄 https://www.amazon.fr/s?k=laptop&page=15  
13:06:07      → 12 cards  +0 new  | total: 1,718/10,000  ETA: 2:56:39
13:06:07    [P1 116/800] 📄 https://www.amazon.fr/s?k=laptop&page=16  
13:06:24      → 0 cards  +0 new  | total: 1,718/10,000  ETA: 2:58:01
13:06:24    [P1 117/800] 📄 https://www.amazon.fr/s?k=laptop&page=17  
13:06:45      → 0 cards  +0 new  | total: 1,718/10,000  ETA: 2:59:38
13:06:45    [P1 118/800] 📄 https://www.amazon.fr/s?k=laptop&page=18  
13:07:03      → 0 cards  +0 new  | total: 1,718/10,000  ETA: 3:01:06
13:07:03    [P1 119/800] 📄 https://www.amazon.fr/s?k=laptop&page=19  
13:07:23      → 0 cards  +0 new  | total: 1,718/10,000  ETA: 3:02:43
13:07:23    [P1 120/800] 📄 https://www.amazon.fr/s?k=laptop&page=20  
13:07:42      → 12 cards  +0 new  | total: 1,718/10,000  ETA: 3:04:15
13:07:42    [P1 121/800] 📄 https://www.amazon.fr/s?k=ordinateur+portable&page=1  
13:08:04      → 48 cards  +17 new  | total: 1,735/10,000  ETA: 3:03:48
13:08:04    [P1 122/800] 📄 https://www.amazon.fr/s?k=ordinateur+portable&page=2  
13:08:26      → 60 cards  +30 new  | total: 1,765/10,000  ETA: 3:01:45
13:08:26    [P1 123/800] 📄 https://www.amazon.fr/s?k=ordinateur+portable&page=3  
13:08:48      → 60 cards  +35 new  | total: 1,800/10,000  ETA: 2:59:07
13:08:48    [P1 124/800] 📄 https://www.amazon.fr/s?k=ordinateur+portable&page=4  
13:09:08      → 48 cards  +43 new  | total: 1,843/10,000  ETA: 2:55:31
13:09:08    [P1 125/800] 📄 https://www.amazon.fr/s?k=ordinateur+portable&page=5  
13:09:28      → 48 cards  +44 new  | total: 1,887/10,000  ETA: 2:51:55
13:09:28    🔄 Scheduled context rotation…
13:09:33    [P1 126/800] 📄 https://www.amazon.fr/s?k=ordinateur+portable&page=6  
13:09:40    🔴 BLOCKED (streak=1) — rotating context in 60s…
13:10:45      🔄 Retry 1/2…
13:10:52    🔴 BLOCKED (streak=2) — rotating context in 60s…
13:11:52    ⏱ Adaptive delay now: 8–15s
13:11:57      🔄 Retry 2/2…
13:12:19      → 48 cards  +22 new  | total: 1,909/10,000  ETA: 3:01:34
13:12:19    [P1 127/800] 📄 https://www.amazon.fr/s?k=ordinateur+portable&page=7  
13:12:42      → 30 cards  +11 new  | total: 1,920/10,000  ETA: 3:01:53
13:12:42    [P1 128/800] 📄 https://www.amazon.fr/s?k=ordinateur+portable&page=8  
13:13:07      → 0 cards  +0 new  | total: 1,920/10,000  ETA: 3:03:39
13:13:07    [P1 129/800] 📄 https://www.amazon.fr/s?k=ordinateur+portable&page=9  
13:13:30      → 12 cards  +1 new  | total: 1,921/10,000  ETA: 3:05:08
13:13:30    [P1 130/800] 📄 https://www.amazon.fr/s?k=ordinateur+portable&page=10  
13:13:52      → 12 cards  +0 new  | total: 1,921/10,000  ETA: 3:06:41
13:13:52    [P1 131/800] 📄 https://www.amazon.fr/s?k=ordinateur+portable&page=11  
13:14:17      → 0 cards  +0 new  | total: 1,921/10,000  ETA: 3:08:24
13:14:17    [P1 132/800] 📄 https://www.amazon.fr/s?k=ordinateur+portable&page=12  
13:14:42      → 12 cards  +0 new  | total: 1,921/10,000  ETA: 3:10:11
13:14:42    [P1 133/800] 📄 https://www.amazon.fr/s?k=ordinateur+portable&page=13  
13:15:07      → 0 cards  +0 new  | total: 1,921/10,000  ETA: 3:11:57
13:15:07    [P1 134/800] 📄 https://www.amazon.fr/s?k=ordinateur+portable&page=14  
13:15:29      → 0 cards  +0 new  | total: 1,921/10,000  ETA: 3:13:31
13:15:30    [P1 135/800] 📄 https://www.amazon.fr/s?k=ordinateur+portable&page=15  
13:15:51      → 0 cards  +0 new  | total: 1,921/10,000  ETA: 3:15:01
13:15:51    [P1 136/800] 📄 https://www.amazon.fr/s?k=ordinateur+portable&page=16  
13:16:17      → 0 cards  +0 new  | total: 1,921/10,000  ETA: 3:16:49
13:16:17    [P1 137/800] 📄 https://www.amazon.fr/s?k=ordinateur+portable&page=17  
13:16:39      → 0 cards  +0 new  | total: 1,921/10,000  ETA: 3:18:23
13:16:39    [P1 138/800] 📄 https://www.amazon.fr/s?k=ordinateur+portable&page=18  
13:17:00      → 0 cards  +0 new  | total: 1,921/10,000  ETA: 3:19:53
13:17:00    [P1 139/800] 📄 https://www.amazon.fr/s?k=ordinateur+portable&page=19  
13:17:23      → 0 cards  +0 new  | total: 1,921/10,000  ETA: 3:21:28
13:17:23    [P1 140/800] 📄 https://www.amazon.fr/s?k=ordinateur+portable&page=20  
13:17:44      → 0 cards  +0 new  | total: 1,921/10,000  ETA: 3:22:57
13:17:44    [P1 141/800] 📄 https://www.amazon.fr/s?k=disque+dur+externe&page=1  
13:18:10      → 48 cards  +47 new  | total: 1,968/10,000  ETA: 3:18:44
13:18:10    [P1 142/800] 📄 https://www.amazon.fr/s?k=disque+dur+externe&page=2  
13:18:30      → 48 cards  +48 new  | total: 2,016/10,000  ETA: 3:14:10
13:18:31    [P1 143/800] 📄 https://www.amazon.fr/s?k=disque+dur+externe&page=3  
13:18:57      → 48 cards  +48 new  | total: 2,064/10,000  ETA: 3:10:11
13:18:57    [P1 144/800] 📄 https://www.amazon.fr/s?k=disque+dur+externe&page=4  
13:19:24      → 48 cards  +48 new  | total: 2,112/10,000  ETA: 3:06:26
13:19:24    [P1 145/800] 📄 https://www.amazon.fr/s?k=disque+dur+externe&page=5  
13:19:48      → 48 cards  +47 new  | total: 2,159/10,000  ETA: 3:02:44
13:19:48    [P1 146/800] 📄 https://www.amazon.fr/s?k=disque+dur+externe&page=6  
13:20:13      → 48 cards  +44 new  | total: 2,203/10,000  ETA: 2:59:34
13:20:13    [P1 147/800] 📄 https://www.amazon.fr/s?k=disque+dur+externe&page=7  
13:20:38      → 18 cards  +17 new  | total: 2,220/10,000  ETA: 2:59:15
13:20:38    [P1 148/800] 📄 https://www.amazon.fr/s?k=disque+dur+externe&page=8  
13:21:01      → 0 cards  +0 new  | total: 2,220/10,000  ETA: 3:00:37
13:21:01    🔄 Scheduled context rotation…
13:21:05    [P1 149/800] 📄 https://www.amazon.fr/s?k=disque+dur+externe&page=9  
13:21:12    🔴 BLOCKED (streak=1) — rotating context in 60s…
13:22:18      🔄 Retry 1/2…
13:22:25    🔴 BLOCKED (streak=2) — rotating context in 60s…
13:23:25    ⏱ Adaptive delay now: 11–22s
13:23:31      🔄 Retry 2/2…
13:23:37    🔴 BLOCKED (streak=3) — rotating context in 60s…
13:24:43    [P1 150/800] 📄 https://www.amazon.fr/s?k=disque+dur+externe&page=10  
13:25:14      → 12 cards  +7 new  | total: 2,227/10,000  ETA: 3:14:37
13:25:14    [P1 151/800] 📄 https://www.amazon.fr/s?k=disque+dur+externe&page=11  
13:25:44      → 12 cards  +12 new  | total: 2,239/10,000  ETA: 3:14:58
13:25:44    [P1 152/800] 📄 https://www.amazon.fr/s?k=disque+dur+externe&page=12  
13:26:06      → 12 cards  +2 new  | total: 2,241/10,000  ETA: 3:16:02
13:26:06    [P1 153/800] 📄 https://www.amazon.fr/s?k=disque+dur+externe&page=13  
13:26:30      → 12 cards  +0 new  | total: 2,241/10,000  ETA: 3:17:25
13:26:30    [P1 154/800] 📄 https://www.amazon.fr/s?k=disque+dur+externe&page=14  
13:27:00      → 12 cards  +1 new  | total: 2,242/10,000  ETA: 3:19:01
13:27:00    [P1 155/800] 📄 https://www.amazon.fr/s?k=disque+dur+externe&page=15  
13:27:31      → 12 cards  +1 new  | total: 2,243/10,000  ETA: 3:20:41
13:27:31    [P1 156/800] 📄 https://www.amazon.fr/s?k=disque+dur+externe&page=16  
13:28:01      → 12 cards  +0 new  | total: 2,243/10,000  ETA: 3:22:27
13:28:01    [P1 157/800] 📄 https://www.amazon.fr/s?k=disque+dur+externe&page=17  
13:28:29      → 12 cards  +1 new  | total: 2,244/10,000  ETA: 3:23:58
13:28:29    [P1 158/800] 📄 https://www.amazon.fr/s?k=disque+dur+externe&page=18  
13:28:53      → 12 cards  +0 new  | total: 2,244/10,000  ETA: 3:25:20
13:28:53    [P1 159/800] 📄 https://www.amazon.fr/s?k=disque+dur+externe&page=19  
13:29:20      → 12 cards  +0 new  | total: 2,244/10,000  ETA: 3:26:53
13:29:20    [P1 160/800] 📄 https://www.amazon.fr/s?k=disque+dur+externe&page=20  
13:29:48      → 12 cards  +1 new  | total: 2,245/10,000  ETA: 3:28:22
13:29:48    [P1 161/800] 📄 https://www.amazon.fr/s?k=cl%C3%A9+usb&page=1  
13:30:21      → 60 cards  +54 new  | total: 2,299/10,000  ETA: 3:23:54
13:30:21    [P1 162/800] 📄 https://www.amazon.fr/s?k=cl%C3%A9+usb&page=2  
13:30:50      → 60 cards  +53 new  | total: 2,352/10,000  ETA: 3:19:29
13:30:50    [P1 163/800] 📄 https://www.amazon.fr/s?k=cl%C3%A9+usb&page=3  
13:31:19      → 60 cards  +50 new  | total: 2,402/10,000  ETA: 3:15:35
13:31:19    [P1 164/800] 📄 https://www.amazon.fr/s?k=cl%C3%A9+usb&page=4  
13:31:44      → 60 cards  +46 new  | total: 2,448/10,000  ETA: 3:12:02
13:31:44    [P1 165/800] 📄 https://www.amazon.fr/s?k=cl%C3%A9+usb&page=5  
13:32:15      → 60 cards  +49 new  | total: 2,497/10,000  ETA: 3:08:35
13:32:15    [P1 166/800] 📄 https://www.amazon.fr/s?k=cl%C3%A9+usb&page=6  
13:32:40      → 60 cards  +48 new  | total: 2,545/10,000  ETA: 3:05:07
13:32:40    [P1 167/800] 📄 https://www.amazon.fr/s?k=cl%C3%A9+usb&page=7  
13:33:07      → 30 cards  +16 new  | total: 2,561/10,000  ETA: 3:04:51
13:33:07    [P1 168/800] 📄 https://www.amazon.fr/s?k=cl%C3%A9+usb&page=8  
13:33:35      → 12 cards  +0 new  | total: 2,561/10,000  ETA: 3:06:12
13:33:35    [P1 169/800] 📄 https://www.amazon.fr/s?k=cl%C3%A9+usb&page=9  
13:33:58      → 12 cards  +1 new  | total: 2,562/10,000  ETA: 3:07:14
13:33:58    [P1 170/800] 📄 https://www.amazon.fr/s?k=cl%C3%A9+usb&page=10  
13:34:30      → 12 cards  +0 new  | total: 2,562/10,000  ETA: 3:08:45
13:34:30    [P1 171/800] 📄 https://www.amazon.fr/s?k=cl%C3%A9+usb&page=11  
13:34:54      → 12 cards  +0 new  | total: 2,562/10,000  ETA: 3:09:56
13:34:54    🔄 Scheduled context rotation…
13:34:57    [P1 172/800] 📄 https://www.amazon.fr/s?k=cl%C3%A9+usb&page=12  
13:35:24      → 12 cards  +8 new  | total: 2,570/10,000  ETA: 3:10:34
13:35:24    [P1 173/800] 📄 https://www.amazon.fr/s?k=cl%C3%A9+usb&page=13  
13:35:47      → 12 cards  +0 new  | total: 2,570/10,000  ETA: 3:11:41
13:35:47    [P1 174/800] 📄 https://www.amazon.fr/s?k=cl%C3%A9+usb&page=14  
13:36:18      → 12 cards  +0 new  | total: 2,570/10,000  ETA: 3:13:11
13:36:18    [P1 175/800] 📄 https://www.amazon.fr/s?k=cl%C3%A9+usb&page=15  
13:36:43      → 12 cards  +1 new  | total: 2,571/10,000  ETA: 3:14:18
13:36:43    [P1 176/800] 📄 https://www.amazon.fr/s?k=cl%C3%A9+usb&page=16  
13:37:14      → 12 cards  +1 new  | total: 2,572/10,000  ETA: 3:15:40
13:37:14    [P1 177/800] 📄 https://www.amazon.fr/s?k=cl%C3%A9+usb&page=17  
13:37:46      → 12 cards  +0 new  | total: 2,572/10,000  ETA: 3:17:14
13:37:46    [P1 178/800] 📄 https://www.amazon.fr/s?k=cl%C3%A9+usb&page=18  
13:38:15      → 12 cards  +0 new  | total: 2,572/10,000  ETA: 3:18:37
13:38:15    [P1 179/800] 📄 https://www.amazon.fr/s?k=cl%C3%A9+usb&page=19  
13:38:40      → 12 cards  +0 new  | total: 2,572/10,000  ETA: 3:19:49
13:38:40    [P1 180/800] 📄 https://www.amazon.fr/s?k=cl%C3%A9+usb&page=20  
13:39:11      → 12 cards  +1 new  | total: 2,573/10,000  ETA: 3:21:12
13:39:11    [P1 181/800] 📄 https://www.amazon.fr/s?k=imprimante&page=1  
13:39:35      → 60 cards  +56 new  | total: 2,629/10,000  ETA: 3:16:34
13:39:35    [P1 182/800] 📄 https://www.amazon.fr/s?k=imprimante&page=2  
13:40:10      → 60 cards  +46 new  | total: 2,675/10,000  ETA: 3:13:33
13:40:10    [P1 183/800] 📄 https://www.amazon.fr/s?k=imprimante&page=3  
13:40:42      → 60 cards  +46 new  | total: 2,721/10,000  ETA: 3:10:33
13:40:43    [P1 184/800] 📄 https://www.amazon.fr/s?k=imprimante&page=4  
13:41:09      → 60 cards  +47 new  | total: 2,768/10,000  ETA: 3:07:16
13:41:09    [P1 185/800] 📄 https://www.amazon.fr/s?k=imprimante&page=5  
13:41:39      → 60 cards  +46 new  | total: 2,814/10,000  ETA: 3:04:18
13:41:39    [P1 186/800] 📄 https://www.amazon.fr/s?k=imprimante&page=6  
13:42:04      → 60 cards  +48 new  | total: 2,862/10,000  ETA: 3:01:03
13:42:04    [P1 187/800] 📄 https://www.amazon.fr/s?k=imprimante&page=7  
13:42:34      → 30 cards  +17 new  | total: 2,879/10,000  ETA: 3:00:47
13:42:34    [P1 188/800] 📄 https://www.amazon.fr/s?k=imprimante&page=8  
13:42:58      → 12 cards  +0 new  | total: 2,879/10,000  ETA: 3:01:47
13:42:58    [P1 189/800] 📄 https://www.amazon.fr/s?k=imprimante&page=9  
13:43:23      → 12 cards  +0 new  | total: 2,879/10,000  ETA: 3:02:47
13:43:23    [P1 190/800] 📄 https://www.amazon.fr/s?k=imprimante&page=10  
13:43:46      → 12 cards  +0 new  | total: 2,879/10,000  ETA: 3:03:44
13:43:46    [P1 191/800] 📄 https://www.amazon.fr/s?k=imprimante&page=11  
13:44:14      → 12 cards  +0 new  | total: 2,879/10,000  ETA: 3:04:55
13:44:14    [P1 192/800] 📄 https://www.amazon.fr/s?k=imprimante&page=12  
13:44:43      → 12 cards  +0 new  | total: 2,879/10,000  ETA: 3:06:06
13:44:43    [P1 193/800] 📄 https://www.amazon.fr/s?k=imprimante&page=13  
13:45:13      → 12 cards  +0 new  | total: 2,879/10,000  ETA: 3:07:20
13:45:13    [P1 194/800] 📄 https://www.amazon.fr/s?k=imprimante&page=14  
13:45:44      → 12 cards  +2 new  | total: 2,881/10,000  ETA: 3:08:26
13:45:44    [P1 195/800] 📄 https://www.amazon.fr/s?k=imprimante&page=15  
13:46:08      → 12 cards  +0 new  | total: 2,881/10,000  ETA: 3:09:24
13:46:08    [P1 196/800] 📄 https://www.amazon.fr/s?k=imprimante&page=16  
13:46:40      → 12 cards  +0 new  | total: 2,881/10,000  ETA: 3:10:44
13:46:40    🔄 Scheduled context rotation…
13:46:46    [P1 197/800] 📄 https://www.amazon.fr/s?k=imprimante&page=17  
13:46:55    ⚠ No cards. Snippet: 'Amazon.fr : livres, DVD, jeux vidéo, musique, high-tech, informatique, jouets, vêtements, chaussures, sport, bricolage, maison, beauté, puériculture, épicerie et plus encore ! Cookies et choix publici'
13:47:08      → 0 cards  +0 new  | total: 2,881/10,000  ETA: 3:11:53
13:47:08    [P1 198/800] 📄 https://www.amazon.fr/s?k=imprimante&page=18  
13:47:37      → 12 cards  +1 new  | total: 2,882/10,000  ETA: 3:12:58
13:47:37    [P1 199/800] 📄 https://www.amazon.fr/s?k=imprimante&page=19  
13:48:07      → 12 cards  +0 new  | total: 2,882/10,000  ETA: 3:14:13
13:48:07    [P1 200/800] 📄 https://www.amazon.fr/s?k=imprimante&page=20  
13:48:35      → 12 cards  +0 new  | total: 2,882/10,000  ETA: 3:15:21
13:48:35    [P1 201/800] 📄 https://www.amazon.fr/s?k=television+4k&page=1  
13:49:09      → 60 cards  +57 new  | total: 2,939/10,000  ETA: 3:11:23
13:49:09    [P1 202/800] 📄 https://www.amazon.fr/s?k=television+4k&page=2  
13:49:33      → 60 cards  +52 new  | total: 2,991/10,000  ETA: 3:07:38
13:49:33    [P1 203/800] 📄 https://www.amazon.fr/s?k=television+4k&page=3  
13:49:58      → 60 cards  +48 new  | total: 3,039/10,000  ETA: 3:04:22
13:49:58    [P1 204/800] 📄 https://www.amazon.fr/s?k=television+4k&page=4  
13:50:32      → 60 cards  +47 new  | total: 3,086/10,000  ETA: 3:01:37
13:50:32    [P1 205/800] 📄 https://www.amazon.fr/s?k=television+4k&page=5  
13:51:02      → 60 cards  +48 new  | total: 3,134/10,000  ETA: 2:58:40
13:51:02    [P1 206/800] 📄 https://www.amazon.fr/s?k=television+4k&page=6  
13:51:33      → 60 cards  +38 new  | total: 3,172/10,000  ETA: 2:56:40
13:51:33    [P1 207/800] 📄 https://www.amazon.fr/s?k=television+4k&page=7  
13:52:06      → 30 cards  +8 new  | total: 3,180/10,000  ETA: 2:57:12
13:52:06    [P1 208/800] 📄 https://www.amazon.fr/s?k=television+4k&page=8  
13:52:31      → 12 cards  +0 new  | total: 3,180/10,000  ETA: 2:58:06
13:52:31    [P1 209/800] 📄 https://www.amazon.fr/s?k=television+4k&page=9  
13:52:56      → 12 cards  +0 new  | total: 3,180/10,000  ETA: 2:58:59
13:52:56    [P1 210/800] 📄 https://www.amazon.fr/s?k=television+4k&page=10  
13:53:29      → 12 cards  +2 new  | total: 3,182/10,000  ETA: 2:59:59
13:53:29    [P1 211/800] 📄 https://www.amazon.fr/s?k=television+4k&page=11  
13:53:57      → 12 cards  +0 new  | total: 3,182/10,000  ETA: 3:00:59
13:53:57    [P1 212/800] 📄 https://www.amazon.fr/s?k=television+4k&page=12  
13:54:24      → 12 cards  +0 new  | total: 3,182/10,000  ETA: 3:01:57
13:54:24    [P1 213/800] 📄 https://www.amazon.fr/s?k=television+4k&page=13  
13:54:48      → 12 cards  +0 new  | total: 3,182/10,000  ETA: 3:02:50
13:54:49    [P1 214/800] 📄 https://www.amazon.fr/s?k=television+4k&page=14  
13:55:15      → 12 cards  +0 new  | total: 3,182/10,000  ETA: 3:03:46
13:55:15    [P1 215/800] 📄 https://www.amazon.fr/s?k=television+4k&page=15  
13:55:38      → 12 cards  +0 new  | total: 3,182/10,000  ETA: 3:04:36
13:55:38    [P1 216/800] 📄 https://www.amazon.fr/s?k=television+4k&page=16  
13:56:08      → 12 cards  +0 new  | total: 3,182/10,000  ETA: 3:05:40
13:56:08    [P1 217/800] 📄 https://www.amazon.fr/s?k=television+4k&page=17  
13:56:40      → 12 cards  +0 new  | total: 3,182/10,000  ETA: 3:06:48
13:56:40    [P1 218/800] 📄 https://www.amazon.fr/s?k=television+4k&page=18  
13:57:10      → 12 cards  +0 new  | total: 3,182/10,000  ETA: 3:07:52
13:57:10    [P1 219/800] 📄 https://www.amazon.fr/s?k=television+4k&page=19  
13:57:37      → 12 cards  +0 new  | total: 3,182/10,000  ETA: 3:08:51
13:57:37    [P1 220/800] 📄 https://www.amazon.fr/s?k=television+4k&page=20  
13:58:08      → 12 cards  +0 new  | total: 3,182/10,000  ETA: 3:09:58
13:58:08    [P1 221/800] 📄 https://www.amazon.fr/s?k=casque+bluetooth&page=1  
13:58:40      → 60 cards  +58 new  | total: 3,240/10,000  ETA: 3:06:05
13:58:40    🔄 Scheduled context rotation…
13:58:45    [P1 222/800] 📄 https://www.amazon.fr/s?k=casque+bluetooth&page=2  
13:58:51    🔴 BLOCKED (streak=1) — rotating context in 60s…
13:59:56      🔄 Retry 1/2…
14:00:06    ⚠ No cards. Snippet: 'Amazon.fr : livres, DVD, jeux vidéo, musique, high-tech, informatique, jouets, vêtements, chaussures, sport, bricolage, maison, beauté, puériculture, épicerie et plus encore ! Passer à Contenu princip'
14:00:24      → 0 cards  +0 new  | total: 3,240/10,000  ETA: 3:09:41
14:00:24    [P1 223/800] 📄 https://www.amazon.fr/s?k=casque+bluetooth&page=3  
14:00:48      → 60 cards  +47 new  | total: 3,287/10,000  ETA: 3:06:31
14:00:48    [P1 224/800] 📄 https://www.amazon.fr/s?k=casque+bluetooth&page=4  
14:01:21      → 60 cards  +32 new  | total: 3,319/10,000  ETA: 3:04:56
14:01:21    [P1 225/800] 📄 https://www.amazon.fr/s?k=casque+bluetooth&page=5  
14:01:56      → 60 cards  +36 new  | total: 3,355/10,000  ETA: 3:03:06
14:01:56    [P1 226/800] 📄 https://www.amazon.fr/s?k=casque+bluetooth&page=6  
14:02:26      → 60 cards  +43 new  | total: 3,398/10,000  ETA: 3:00:36
14:02:26    [P1 227/800] 📄 https://www.amazon.fr/s?k=casque+bluetooth&page=7  
14:02:59      → 30 cards  +12 new  | total: 3,410/10,000  ETA: 3:00:41
14:02:59    [P1 228/800] 📄 https://www.amazon.fr/s?k=casque+bluetooth&page=8  
14:03:24      → 12 cards  +1 new  | total: 3,411/10,000  ETA: 3:01:26
14:03:24    [P1 229/800] 📄 https://www.amazon.fr/s?k=casque+bluetooth&page=9  
14:03:50      → 12 cards  +1 new  | total: 3,412/10,000  ETA: 3:02:11
14:03:50    [P1 230/800] 📄 https://www.amazon.fr/s?k=casque+bluetooth&page=10  
14:04:14      → 12 cards  +0 new  | total: 3,412/10,000  ETA: 3:02:58
14:04:15    [P1 231/800] 📄 https://www.amazon.fr/s?k=casque+bluetooth&page=11  
14:04:44      → 12 cards  +0 new  | total: 3,412/10,000  ETA: 3:03:56
14:04:44    [P1 232/800] 📄 https://www.amazon.fr/s?k=casque+bluetooth&page=12  
14:05:10      → 12 cards  +0 new  | total: 3,412/10,000  ETA: 3:04:45
14:05:10    [P1 233/800] 📄 https://www.amazon.fr/s?k=casque+bluetooth&page=13  
14:05:42      → 12 cards  +0 new  | total: 3,412/10,000  ETA: 3:05:47
14:05:42    [P1 234/800] 📄 https://www.amazon.fr/s?k=casque+bluetooth&page=14  
14:06:08      → 12 cards  +0 new  | total: 3,412/10,000  ETA: 3:06:38
14:06:08    [P1 235/800] 📄 https://www.amazon.fr/s?k=casque+bluetooth&page=15  
14:06:34      → 12 cards  +0 new  | total: 3,412/10,000  ETA: 3:07:27
14:06:34    [P1 236/800] 📄 https://www.amazon.fr/s?k=casque+bluetooth&page=16  
14:06:57      → 12 cards  +0 new  | total: 3,412/10,000  ETA: 3:08:12
14:06:57    [P1 237/800] 📄 https://www.amazon.fr/s?k=casque+bluetooth&page=17  
14:07:21      → 12 cards  +0 new  | total: 3,412/10,000  ETA: 3:08:58
14:07:21    [P1 238/800] 📄 https://www.amazon.fr/s?k=casque+bluetooth&page=18  
14:07:47      → 12 cards  +0 new  | total: 3,412/10,000  ETA: 3:09:48
14:07:47    [P1 239/800] 📄 https://www.amazon.fr/s?k=casque+bluetooth&page=19  
14:08:14      → 12 cards  +0 new  | total: 3,412/10,000  ETA: 3:10:40
14:08:14    [P1 240/800] 📄 https://www.amazon.fr/s?k=casque+bluetooth&page=20  
14:08:40      → 12 cards  +0 new  | total: 3,412/10,000  ETA: 3:11:30
14:08:40    [P1 241/800] 📄 https://www.amazon.fr/s?k=enceinte+bluetooth&page=1  
14:09:04      → 60 cards  +56 new  | total: 3,468/10,000  ETA: 3:07:35
14:09:04    [P1 242/800] 📄 https://www.amazon.fr/s?k=enceinte+bluetooth&page=2  
14:09:35      → 60 cards  +52 new  | total: 3,520/10,000  ETA: 3:04:16
14:09:35    [P1 243/800] 📄 https://www.amazon.fr/s?k=enceinte+bluetooth&page=3  
14:10:07      → 60 cards  +47 new  | total: 3,567/10,000  ETA: 3:01:30
14:10:07    [P1 244/800] 📄 https://www.amazon.fr/s?k=enceinte+bluetooth&page=4  
14:10:35      → 60 cards  +49 new  | total: 3,616/10,000  ETA: 2:58:29
14:10:35    [P1 245/800] 📄 https://www.amazon.fr/s?k=enceinte+bluetooth&page=5  
14:10:59      → 60 cards  +44 new  | total: 3,660/10,000  ETA: 2:55:49
14:10:59    🔄 Scheduled context rotation…
14:11:04    [P1 246/800] 📄 https://www.amazon.fr/s?k=enceinte+bluetooth&page=6  
14:11:28      → 60 cards  +47 new  | total: 3,707/10,000  ETA: 2:53:08
14:11:28    [P1 247/800] 📄 https://www.amazon.fr/s?k=enceinte+bluetooth&page=7  
14:11:54      → 30 cards  +18 new  | total: 3,725/10,000  ETA: 2:52:31
14:11:54    [P1 248/800] 📄 https://www.amazon.fr/s?k=enceinte+bluetooth&page=8  
14:12:17      → 12 cards  +0 new  | total: 3,725/10,000  ETA: 2:53:11
14:12:17    [P1 249/800] 📄 https://www.amazon.fr/s?k=enceinte+bluetooth&page=9  
14:12:46      → 12 cards  +1 new  | total: 3,726/10,000  ETA: 2:53:56
14:12:46    [P1 250/800] 📄 https://www.amazon.fr/s?k=enceinte+bluetooth&page=10  
14:13:12      → 12 cards  +0 new  | total: 3,726/10,000  ETA: 2:54:38
14:13:12    [P1 251/800] 📄 https://www.amazon.fr/s?k=enceinte+bluetooth&page=11  
14:13:40      → 12 cards  +0 new  | total: 3,726/10,000  ETA: 2:55:26
14:13:40    [P1 252/800] 📄 https://www.amazon.fr/s?k=enceinte+bluetooth&page=12  
14:14:09      → 12 cards  +0 new  | total: 3,726/10,000  ETA: 2:56:15
14:14:09    [P1 253/800] 📄 https://www.amazon.fr/s?k=enceinte+bluetooth&page=13  
14:14:36      → 12 cards  +0 new  | total: 3,726/10,000  ETA: 2:56:59
14:14:36    [P1 254/800] 📄 https://www.amazon.fr/s?k=enceinte+bluetooth&page=14  
14:15:00      → 12 cards  +0 new  | total: 3,726/10,000  ETA: 2:57:40
14:15:00    [P1 255/800] 📄 https://www.amazon.fr/s?k=enceinte+bluetooth&page=15  
14:15:26      → 12 cards  +0 new  | total: 3,726/10,000  ETA: 2:58:24
14:15:26    [P1 256/800] 📄 https://www.amazon.fr/s?k=enceinte+bluetooth&page=16  
14:15:57      → 12 cards  +0 new  | total: 3,726/10,000  ETA: 2:59:17
14:15:57    [P1 257/800] 📄 https://www.amazon.fr/s?k=enceinte+bluetooth&page=17  
14:16:23      → 12 cards  +0 new  | total: 3,726/10,000  ETA: 3:00:01
14:16:24    [P1 258/800] 📄 https://www.amazon.fr/s?k=enceinte+bluetooth&page=18  
14:16:54      → 12 cards  +0 new  | total: 3,726/10,000  ETA: 3:00:52
14:16:54    [P1 259/800] 📄 https://www.amazon.fr/s?k=enceinte+bluetooth&page=19  
14:17:21      → 12 cards  +0 new  | total: 3,726/10,000  ETA: 3:01:38
14:17:21    [P1 260/800] 📄 https://www.amazon.fr/s?k=enceinte+bluetooth&page=20  
14:17:52      → 12 cards  +1 new  | total: 3,727/10,000  ETA: 3:02:25
14:17:52    [P1 261/800] 📄 https://www.amazon.fr/s?k=ecouteurs+sans+fil&page=1  
14:18:25      → 60 cards  +36 new  | total: 3,763/10,000  ETA: 3:00:33
14:18:25    [P1 262/800] 📄 https://www.amazon.fr/s?k=ecouteurs+sans+fil&page=2  
14:18:57      → 60 cards  +33 new  | total: 3,796/10,000  ETA: 2:58:54
14:18:57    [P1 263/800] 📄 https://www.amazon.fr/s?k=ecouteurs+sans+fil&page=3  
14:19:23      → 60 cards  +38 new  | total: 3,834/10,000  ETA: 2:56:45
14:19:23    [P1 264/800] 📄 https://www.amazon.fr/s?k=ecouteurs+sans+fil&page=4  
14:19:56      → 60 cards  +40 new  | total: 3,874/10,000  ETA: 2:54:39
14:19:56    [P1 265/800] 📄 https://www.amazon.fr/s?k=ecouteurs+sans+fil&page=5  
14:20:28      → 60 cards  +35 new  | total: 3,909/10,000  ETA: 2:52:56
14:20:28    [P1 266/800] 📄 https://www.amazon.fr/s?k=ecouteurs+sans+fil&page=6  
14:20:57      → 60 cards  +34 new  | total: 3,943/10,000  ETA: 2:51:14
14:20:57    [P1 267/800] 📄 https://www.amazon.fr/s?k=ecouteurs+sans+fil&page=7  
14:21:26      → 30 cards  +16 new  | total: 3,959/10,000  ETA: 2:50:49
14:21:26    [P1 268/800] 📄 https://www.amazon.fr/s?k=ecouteurs+sans+fil&page=8  
14:21:51      → 12 cards  +0 new  | total: 3,959/10,000  ETA: 2:51:27
14:21:51    [P1 269/800] 📄 https://www.amazon.fr/s?k=ecouteurs+sans+fil&page=9  
14:22:19      → 12 cards  +0 new  | total: 3,959/10,000  ETA: 2:52:10
14:22:19    [P1 270/800] 📄 https://www.amazon.fr/s?k=ecouteurs+sans+fil&page=10  
14:22:44      → 12 cards  +1 new  | total: 3,960/10,000  ETA: 2:52:44
14:22:44    🔄 Scheduled context rotation…
14:22:47    [P1 271/800] 📄 https://www.amazon.fr/s?k=ecouteurs+sans+fil&page=11  
14:22:54    🔴 BLOCKED (streak=1) — rotating context in 60s…
14:24:00      🔄 Retry 1/2…
14:24:10    ⚠ No cards. Snippet: 'Amazon.fr : livres, DVD, jeux vidéo, musique, high-tech, informatique, jouets, vêtements, chaussures, sport, bricolage, maison, beauté, puériculture, épicerie et plus encore ! Cookies et choix publici'
14:24:26      → 0 cards  +0 new  | total: 3,960/10,000  ETA: 2:55:19
14:24:26    [P1 272/800] 📄 https://www.amazon.fr/s?k=ecouteurs+sans+fil&page=12  
14:24:54      → 12 cards  +0 new  | total: 3,960/10,000  ETA: 2:56:02
14:24:54    [P1 273/800] 📄 https://www.amazon.fr/s?k=ecouteurs+sans+fil&page=13  
14:25:26      → 12 cards  +0 new  | total: 3,960/10,000  ETA: 2:56:52
14:25:26    [P1 274/800] 📄 https://www.amazon.fr/s?k=ecouteurs+sans+fil&page=14  
14:26:00      → 12 cards  +0 new  | total: 3,960/10,000  ETA: 2:57:43
14:26:00    [P1 275/800] 📄 https://www.amazon.fr/s?k=ecouteurs+sans+fil&page=15  
14:26:23      → 12 cards  +0 new  | total: 3,960/10,000  ETA: 2:58:19
14:26:23    [P1 276/800] 📄 https://www.amazon.fr/s?k=ecouteurs+sans+fil&page=16  
14:26:55      → 12 cards  +0 new  | total: 3,960/10,000  ETA: 2:59:07
14:26:55    [P1 277/800] 📄 https://www.amazon.fr/s?k=ecouteurs+sans+fil&page=17  
14:27:28      → 12 cards  +1 new  | total: 3,961/10,000  ETA: 2:59:53
14:27:28    [P1 278/800] 📄 https://www.amazon.fr/s?k=ecouteurs+sans+fil&page=18  
14:27:57      → 12 cards  +0 new  | total: 3,961/10,000  ETA: 3:00:37
14:27:57    [P1 279/800] 📄 https://www.amazon.fr/s?k=ecouteurs+sans+fil&page=19  
14:28:28      → 12 cards  +1 new  | total: 3,962/10,000  ETA: 3:01:19
14:28:28    [P1 280/800] 📄 https://www.amazon.fr/s?k=ecouteurs+sans+fil&page=20  
14:28:54      → 12 cards  +1 new  | total: 3,963/10,000  ETA: 3:01:54
14:28:54    [P1 281/800] 📄 https://www.amazon.fr/s?k=appareil+photo&page=1  
14:29:22      → 60 cards  +59 new  | total: 4,022/10,000  ETA: 2:58:12
14:29:22    [P1 282/800] 📄 https://www.amazon.fr/s?k=appareil+photo&page=2  
14:29:25  
⚠️  Interrupted by user — partial data already saved.
